#
# There is insufficient memory for the Java Runtime Environment to continue.
# Native memory allocation (malloc) failed to allocate 828496 bytes for Chunk::new
# Possible reasons:
#   The system is out of physical RAM or swap space
#   The process is running with CompressedOops enabled, and the Java Heap may be blocking the growth of the native heap
# Possible solutions:
#   Reduce memory load on the system
#   Increase physical memory or swap space
#   Check if swap backing store is full
#   Decrease Java heap size (-Xmx/-Xms)
#   Decrease number of Java threads
#   Decrease Java thread stack sizes (-Xss)
#   Set larger code cache with -XX:ReservedCodeCacheSize=
#   JVM is running with Zero Based Compressed Oops mode in which the Java heap is
#     placed in the first 32GB address space. The Java Heap base address is the
#     maximum limit for the native heap growth. Please use -XX:HeapBaseMinAddress
#     to set the Java Heap base and to place the Java Heap above 32GB virtual address.
# This output file may be truncated or incomplete.
#
#  Out of Memory Error (./src/hotspot/share/memory/arena.cpp:197), pid=3204, tid=16052
#
# JRE version: OpenJDK Runtime Environment Corretto-11.0.16.9.1 (11.0.16.1+9) (build 11.0.16.1+9-LTS)
# Java VM: OpenJDK 64-Bit Server VM Corretto-11.0.16.9.1 (11.0.16.1+9-LTS, mixed mode, tiered, compressed oops, g1 gc, windows-amd64)
# No core dump will be written. Minidumps are not enabled by default on client versions of Windows
#

---------------  S U M M A R Y ------------

Command Line: -javaagent:C:\Program Files\JetBrains\IntelliJ IDEA Community Edition 2022.2.3\lib\idea_rt.jar=53566:C:\Program Files\JetBrains\IntelliJ IDEA Community Edition 2022.2.3\bin -Dfile.encoding=UTF-8 ru.practicum.ewm.EwmServiceApplication

Host: Intel(R) Core(TM) i5-4210U CPU @ 1.70GHz, 4 cores, 11G,  Windows 10 , 64 bit Build 19041 (10.0.19041.3393)
Time: Sat Sep 23 10:26:02 2023 RTZ 9 (s 10 , 64 bit Build 19041 (10.0.19041.3393) elapsed time: 19.773181 seconds (0d 0h 0m 19s)

---------------  T H R E A D  ---------------

Current thread (0x0000025a41fa8800):  JavaThread "C2 CompilerThread0" daemon [_thread_in_native, id=16052, stack(0x000000f9f8000000,0x000000f9f8100000)]


Current CompileTask:
C2:  19773 4494   !   4       java.net.URL::<init> (543 bytes)

Stack: [0x000000f9f8000000,0x000000f9f8100000]
Native frames: (J=compiled Java code, j=interpreted, Vv=VM code, C=native code)
V  [jvm.dll+0x61f23a]
V  [jvm.dll+0x7ac419]
V  [jvm.dll+0x7adb08]
V  [jvm.dll+0x7ae1e3]
V  [jvm.dll+0x24fa98]
V  [jvm.dll+0xc262c]
V  [jvm.dll+0xc2bec]
V  [jvm.dll+0x359ed7]
V  [jvm.dll+0x325e53]
V  [jvm.dll+0x32518a]
V  [jvm.dll+0x208f95]
V  [jvm.dll+0x2080bd]
V  [jvm.dll+0x18a3b1]
V  [jvm.dll+0x217744]
V  [jvm.dll+0x21598b]
V  [jvm.dll+0x76ef20]
V  [jvm.dll+0x767e54]
V  [jvm.dll+0x61e0a5]
C  [ucrtbase.dll+0x21bb2]
C  [KERNEL32.DLL+0x17344]
C  [ntdll.dll+0x526b1]


---------------  P R O C E S S  ---------------

Threads class SMR info:
_java_thread_list=0x0000025a451db660, length=12, elements={
0x0000025a41f43800, 0x0000025a41f4c800, 0x0000025a41fa2000, 0x0000025a41fa3000,
0x0000025a41fa4800, 0x0000025a41fa8800, 0x0000025a41faf000, 0x0000025a41711000,
0x0000025a416c5000, 0x0000025a4220b800, 0x0000025a432b2800, 0x0000025a20976800
}

Java Threads: ( => current thread )
  0x0000025a41f43800 JavaThread "Reference Handler" daemon [_thread_blocked, id=13316, stack(0x000000f9f7b00000,0x000000f9f7c00000)]
  0x0000025a41f4c800 JavaThread "Finalizer" daemon [_thread_blocked, id=9260, stack(0x000000f9f7c00000,0x000000f9f7d00000)]
  0x0000025a41fa2000 JavaThread "Signal Dispatcher" daemon [_thread_blocked, id=14684, stack(0x000000f9f7d00000,0x000000f9f7e00000)]
  0x0000025a41fa3000 JavaThread "Attach Listener" daemon [_thread_blocked, id=4728, stack(0x000000f9f7e00000,0x000000f9f7f00000)]
  0x0000025a41fa4800 JavaThread "Service Thread" daemon [_thread_blocked, id=16684, stack(0x000000f9f7f00000,0x000000f9f8000000)]
=>0x0000025a41fa8800 JavaThread "C2 CompilerThread0" daemon [_thread_in_native, id=16052, stack(0x000000f9f8000000,0x000000f9f8100000)]
  0x0000025a41faf000 JavaThread "C1 CompilerThread0" daemon [_thread_blocked, id=16136, stack(0x000000f9f8100000,0x000000f9f8200000)]
  0x0000025a41711000 JavaThread "Sweeper thread" daemon [_thread_blocked, id=10884, stack(0x000000f9f8200000,0x000000f9f8300000)]
  0x0000025a416c5000 JavaThread "Common-Cleaner" daemon [_thread_blocked, id=13992, stack(0x000000f9f8300000,0x000000f9f8400000)]
  0x0000025a4220b800 JavaThread "Monitor Ctrl-Break" daemon [_thread_in_native, id=12440, stack(0x000000f9f8400000,0x000000f9f8500000)]
  0x0000025a432b2800 JavaThread "C2 CompilerThread1" daemon [_thread_in_native, id=1528, stack(0x000000f9f8600000,0x000000f9f8700000)]
  0x0000025a20976800 JavaThread "DestroyJavaVM" [_thread_blocked, id=5936, stack(0x000000f9f7400000,0x000000f9f7500000)]

Other Threads:
  0x0000025a4170c000 VMThread "VM Thread" [stack: 0x000000f9f7a00000,0x000000f9f7b00000] [id=14596]
  0x0000025a42716800 WatcherThread [stack: 0x000000f9f8500000,0x000000f9f8600000] [id=12744]
  0x0000025a2098f800 GCTaskThread "GC Thread#0" [stack: 0x000000f9f7500000,0x000000f9f7600000] [id=15616]
  0x0000025a42cce000 GCTaskThread "GC Thread#1" [stack: 0x000000f9f8700000,0x000000f9f8800000] [id=60]
  0x0000025a42ccf800 GCTaskThread "GC Thread#2" [stack: 0x000000f9f8800000,0x000000f9f8900000] [id=1644]
  0x0000025a42cd0800 GCTaskThread "GC Thread#3" [stack: 0x000000f9f8900000,0x000000f9f8a00000] [id=15632]
  0x0000025a209d4800 ConcurrentGCThread "G1 Main Marker" [stack: 0x000000f9f7600000,0x000000f9f7700000] [id=17044]
  0x0000025a209d7000 ConcurrentGCThread "G1 Conc#0" [stack: 0x000000f9f7700000,0x000000f9f7800000] [id=2304]
  0x0000025a20a4d800 ConcurrentGCThread "G1 Refine#0" [stack: 0x000000f9f7800000,0x000000f9f7900000] [id=8972]
  0x0000025a41577800 ConcurrentGCThread "G1 Young RemSet Sampling" [stack: 0x000000f9f7900000,0x000000f9f7a00000] [id=13460]

Threads with active compile tasks:
C2 CompilerThread0    20802 4494   !   4       java.net.URL::<init> (543 bytes)
C2 CompilerThread1    20802 4561       4       java.net.URLStreamHandler::parseURL (1201 bytes)

VM state:not at safepoint (normal execution)

VM Mutex/Monitor currently owned by a thread: None

OutOfMemory and StackOverflow Exception counts:
OutOfMemoryError java_heap_errors=1
LinkageErrors=77

Heap address: 0x0000000741c00000, size: 3044 MB, Compressed Oops mode: Zero based, Oop shift amount: 3
Narrow klass base: 0x0000000800000000, Narrow klass shift: 0
Compressed class space size: 1073741824 Address: 0x0000000800000000

Heap:
 garbage-first heap   total 236544K, used 65195K [0x0000000741c00000, 0x0000000800000000)
  region size 1024K, 56 young (57344K), 11 survivors (11264K)
 Metaspace       used 55925K, capacity 57497K, committed 57600K, reserved 1099776K
  class space    used 7021K, capacity 7661K, committed 7680K, reserved 1048576K
Heap Regions: E=young(eden), S=young(survivor), O=old, HS=humongous(starts), HC=humongous(continues), CS=collection set, F=free, A=archive, TAMS=top-at-mark-start (previous, next)
|   0|0x0000000741c00000, 0x0000000741d00000, 0x0000000741d00000|100%|HS|  |TAMS 0x0000000741d00000, 0x0000000741c00000| Complete 
|   1|0x0000000741d00000, 0x0000000741e00000, 0x0000000741e00000|100%| O|  |TAMS 0x0000000741e00000, 0x0000000741d00000| Untracked 
|   2|0x0000000741e00000, 0x0000000741f00000, 0x0000000741f00000|100%| O|  |TAMS 0x0000000741f00000, 0x0000000741e00000| Untracked 
|   3|0x0000000741f00000, 0x0000000742000000, 0x0000000742000000|100%| O|  |TAMS 0x0000000742000000, 0x0000000741f00000| Untracked 
|   4|0x0000000742000000, 0x0000000742100000, 0x0000000742100000|100%| O|  |TAMS 0x0000000742100000, 0x0000000742000000| Untracked 
|   5|0x0000000742100000, 0x0000000742200000, 0x0000000742200000|100%| O|  |TAMS 0x0000000742200000, 0x0000000742100000| Untracked 
|   6|0x0000000742200000, 0x0000000742300000, 0x0000000742300000|100%| O|  |TAMS 0x0000000742300000, 0x0000000742200000| Untracked 
|   7|0x0000000742300000, 0x0000000742400000, 0x0000000742400000|100%| O|  |TAMS 0x0000000742400000, 0x0000000742300000| Untracked 
|   8|0x0000000742400000, 0x00000007424bb400, 0x0000000742500000| 73%| O|  |TAMS 0x00000007424bb400, 0x0000000742400000| Untracked 
|   9|0x0000000742500000, 0x0000000742500000, 0x0000000742600000|  0%| F|  |TAMS 0x0000000742500000, 0x0000000742500000| Untracked 
|  10|0x0000000742600000, 0x0000000742600000, 0x0000000742700000|  0%| F|  |TAMS 0x0000000742600000, 0x0000000742600000| Untracked 
|  11|0x0000000742700000, 0x0000000742700000, 0x0000000742800000|  0%| F|  |TAMS 0x0000000742700000, 0x0000000742700000| Untracked 
|  12|0x0000000742800000, 0x0000000742800000, 0x0000000742900000|  0%| F|  |TAMS 0x0000000742800000, 0x0000000742800000| Untracked 
|  13|0x0000000742900000, 0x0000000742900000, 0x0000000742a00000|  0%| F|  |TAMS 0x0000000742900000, 0x0000000742900000| Untracked 
|  14|0x0000000742a00000, 0x0000000742a00000, 0x0000000742b00000|  0%| F|  |TAMS 0x0000000742a00000, 0x0000000742a00000| Untracked 
|  15|0x0000000742b00000, 0x0000000742b00000, 0x0000000742c00000|  0%| F|  |TAMS 0x0000000742b00000, 0x0000000742b00000| Untracked 
|  16|0x0000000742c00000, 0x0000000742c00000, 0x0000000742d00000|  0%| F|  |TAMS 0x0000000742c00000, 0x0000000742c00000| Untracked 
|  17|0x0000000742d00000, 0x0000000742d00000, 0x0000000742e00000|  0%| F|  |TAMS 0x0000000742d00000, 0x0000000742d00000| Untracked 
|  18|0x0000000742e00000, 0x0000000742e00000, 0x0000000742f00000|  0%| F|  |TAMS 0x0000000742e00000, 0x0000000742e00000| Untracked 
|  19|0x0000000742f00000, 0x0000000742f00000, 0x0000000743000000|  0%| F|  |TAMS 0x0000000742f00000, 0x0000000742f00000| Untracked 
|  20|0x0000000743000000, 0x0000000743000000, 0x0000000743100000|  0%| F|  |TAMS 0x0000000743000000, 0x0000000743000000| Untracked 
|  21|0x0000000743100000, 0x0000000743100000, 0x0000000743200000|  0%| F|  |TAMS 0x0000000743100000, 0x0000000743100000| Untracked 
|  22|0x0000000743200000, 0x0000000743200000, 0x0000000743300000|  0%| F|  |TAMS 0x0000000743200000, 0x0000000743200000| Untracked 
|  23|0x0000000743300000, 0x0000000743300000, 0x0000000743400000|  0%| F|  |TAMS 0x0000000743300000, 0x0000000743300000| Untracked 
|  24|0x0000000743400000, 0x0000000743400000, 0x0000000743500000|  0%| F|  |TAMS 0x0000000743400000, 0x0000000743400000| Untracked 
|  25|0x0000000743500000, 0x0000000743500000, 0x0000000743600000|  0%| F|  |TAMS 0x0000000743500000, 0x0000000743500000| Untracked 
|  26|0x0000000743600000, 0x0000000743600000, 0x0000000743700000|  0%| F|  |TAMS 0x0000000743600000, 0x0000000743600000| Untracked 
|  27|0x0000000743700000, 0x0000000743700000, 0x0000000743800000|  0%| F|  |TAMS 0x0000000743700000, 0x0000000743700000| Untracked 
|  28|0x0000000743800000, 0x0000000743800000, 0x0000000743900000|  0%| F|  |TAMS 0x0000000743800000, 0x0000000743800000| Untracked 
|  29|0x0000000743900000, 0x0000000743900000, 0x0000000743a00000|  0%| F|  |TAMS 0x0000000743900000, 0x0000000743900000| Untracked 
|  30|0x0000000743a00000, 0x0000000743a00000, 0x0000000743b00000|  0%| F|  |TAMS 0x0000000743a00000, 0x0000000743a00000| Untracked 
|  31|0x0000000743b00000, 0x0000000743b00000, 0x0000000743c00000|  0%| F|  |TAMS 0x0000000743b00000, 0x0000000743b00000| Untracked 
|  32|0x0000000743c00000, 0x0000000743c00000, 0x0000000743d00000|  0%| F|  |TAMS 0x0000000743c00000, 0x0000000743c00000| Untracked 
|  33|0x0000000743d00000, 0x0000000743d00000, 0x0000000743e00000|  0%| F|  |TAMS 0x0000000743d00000, 0x0000000743d00000| Untracked 
|  34|0x0000000743e00000, 0x0000000743e00000, 0x0000000743f00000|  0%| F|  |TAMS 0x0000000743e00000, 0x0000000743e00000| Untracked 
|  35|0x0000000743f00000, 0x0000000743f00000, 0x0000000744000000|  0%| F|  |TAMS 0x0000000743f00000, 0x0000000743f00000| Untracked 
|  36|0x0000000744000000, 0x0000000744000000, 0x0000000744100000|  0%| F|  |TAMS 0x0000000744000000, 0x0000000744000000| Untracked 
|  37|0x0000000744100000, 0x0000000744100000, 0x0000000744200000|  0%| F|  |TAMS 0x0000000744100000, 0x0000000744100000| Untracked 
|  38|0x0000000744200000, 0x0000000744200000, 0x0000000744300000|  0%| F|  |TAMS 0x0000000744200000, 0x0000000744200000| Untracked 
|  39|0x0000000744300000, 0x0000000744300000, 0x0000000744400000|  0%| F|  |TAMS 0x0000000744300000, 0x0000000744300000| Untracked 
|  40|0x0000000744400000, 0x0000000744400000, 0x0000000744500000|  0%| F|  |TAMS 0x0000000744400000, 0x0000000744400000| Untracked 
|  41|0x0000000744500000, 0x0000000744500000, 0x0000000744600000|  0%| F|  |TAMS 0x0000000744500000, 0x0000000744500000| Untracked 
|  42|0x0000000744600000, 0x0000000744600000, 0x0000000744700000|  0%| F|  |TAMS 0x0000000744600000, 0x0000000744600000| Untracked 
|  43|0x0000000744700000, 0x0000000744700000, 0x0000000744800000|  0%| F|  |TAMS 0x0000000744700000, 0x0000000744700000| Untracked 
|  44|0x0000000744800000, 0x0000000744800000, 0x0000000744900000|  0%| F|  |TAMS 0x0000000744800000, 0x0000000744800000| Untracked 
|  45|0x0000000744900000, 0x0000000744900000, 0x0000000744a00000|  0%| F|  |TAMS 0x0000000744900000, 0x0000000744900000| Untracked 
|  46|0x0000000744a00000, 0x0000000744a00000, 0x0000000744b00000|  0%| F|  |TAMS 0x0000000744a00000, 0x0000000744a00000| Untracked 
|  47|0x0000000744b00000, 0x0000000744b00000, 0x0000000744c00000|  0%| F|  |TAMS 0x0000000744b00000, 0x0000000744b00000| Untracked 
|  48|0x0000000744c00000, 0x0000000744c00000, 0x0000000744d00000|  0%| F|  |TAMS 0x0000000744c00000, 0x0000000744c00000| Untracked 
|  49|0x0000000744d00000, 0x0000000744d00000, 0x0000000744e00000|  0%| F|  |TAMS 0x0000000744d00000, 0x0000000744d00000| Untracked 
|  50|0x0000000744e00000, 0x0000000744e00000, 0x0000000744f00000|  0%| F|  |TAMS 0x0000000744e00000, 0x0000000744e00000| Untracked 
|  51|0x0000000744f00000, 0x0000000744f00000, 0x0000000745000000|  0%| F|  |TAMS 0x0000000744f00000, 0x0000000744f00000| Untracked 
|  52|0x0000000745000000, 0x0000000745000000, 0x0000000745100000|  0%| F|  |TAMS 0x0000000745000000, 0x0000000745000000| Untracked 
|  53|0x0000000745100000, 0x0000000745100000, 0x0000000745200000|  0%| F|  |TAMS 0x0000000745100000, 0x0000000745100000| Untracked 
|  54|0x0000000745200000, 0x0000000745200000, 0x0000000745300000|  0%| F|  |TAMS 0x0000000745200000, 0x0000000745200000| Untracked 
|  55|0x0000000745300000, 0x0000000745300000, 0x0000000745400000|  0%| F|  |TAMS 0x0000000745300000, 0x0000000745300000| Untracked 
|  56|0x0000000745400000, 0x0000000745400000, 0x0000000745500000|  0%| F|  |TAMS 0x0000000745400000, 0x0000000745400000| Untracked 
|  57|0x0000000745500000, 0x0000000745500000, 0x0000000745600000|  0%| F|  |TAMS 0x0000000745500000, 0x0000000745500000| Untracked 
|  58|0x0000000745600000, 0x0000000745600000, 0x0000000745700000|  0%| F|  |TAMS 0x0000000745600000, 0x0000000745600000| Untracked 
|  59|0x0000000745700000, 0x0000000745700000, 0x0000000745800000|  0%| F|  |TAMS 0x0000000745700000, 0x0000000745700000| Untracked 
|  60|0x0000000745800000, 0x0000000745800000, 0x0000000745900000|  0%| F|  |TAMS 0x0000000745800000, 0x0000000745800000| Untracked 
|  61|0x0000000745900000, 0x0000000745900000, 0x0000000745a00000|  0%| F|  |TAMS 0x0000000745900000, 0x0000000745900000| Untracked 
|  62|0x0000000745a00000, 0x0000000745a00000, 0x0000000745b00000|  0%| F|  |TAMS 0x0000000745a00000, 0x0000000745a00000| Untracked 
|  63|0x0000000745b00000, 0x0000000745b00000, 0x0000000745c00000|  0%| F|  |TAMS 0x0000000745b00000, 0x0000000745b00000| Untracked 
|  64|0x0000000745c00000, 0x0000000745c00000, 0x0000000745d00000|  0%| F|  |TAMS 0x0000000745c00000, 0x0000000745c00000| Untracked 
|  65|0x0000000745d00000, 0x0000000745d00000, 0x0000000745e00000|  0%| F|  |TAMS 0x0000000745d00000, 0x0000000745d00000| Untracked 
|  66|0x0000000745e00000, 0x0000000745e00000, 0x0000000745f00000|  0%| F|  |TAMS 0x0000000745e00000, 0x0000000745e00000| Untracked 
|  67|0x0000000745f00000, 0x0000000745f00000, 0x0000000746000000|  0%| F|  |TAMS 0x0000000745f00000, 0x0000000745f00000| Untracked 
|  68|0x0000000746000000, 0x0000000746000000, 0x0000000746100000|  0%| F|  |TAMS 0x0000000746000000, 0x0000000746000000| Untracked 
|  69|0x0000000746100000, 0x0000000746100000, 0x0000000746200000|  0%| F|  |TAMS 0x0000000746100000, 0x0000000746100000| Untracked 
|  70|0x0000000746200000, 0x0000000746200000, 0x0000000746300000|  0%| F|  |TAMS 0x0000000746200000, 0x0000000746200000| Untracked 
|  71|0x0000000746300000, 0x0000000746300000, 0x0000000746400000|  0%| F|  |TAMS 0x0000000746300000, 0x0000000746300000| Untracked 
|  72|0x0000000746400000, 0x0000000746400000, 0x0000000746500000|  0%| F|  |TAMS 0x0000000746400000, 0x0000000746400000| Untracked 
|  73|0x0000000746500000, 0x0000000746500000, 0x0000000746600000|  0%| F|  |TAMS 0x0000000746500000, 0x0000000746500000| Untracked 
|  74|0x0000000746600000, 0x0000000746600000, 0x0000000746700000|  0%| F|  |TAMS 0x0000000746600000, 0x0000000746600000| Untracked 
|  75|0x0000000746700000, 0x0000000746700000, 0x0000000746800000|  0%| F|  |TAMS 0x0000000746700000, 0x0000000746700000| Untracked 
|  76|0x0000000746800000, 0x0000000746800000, 0x0000000746900000|  0%| F|  |TAMS 0x0000000746800000, 0x0000000746800000| Untracked 
|  77|0x0000000746900000, 0x0000000746900000, 0x0000000746a00000|  0%| F|  |TAMS 0x0000000746900000, 0x0000000746900000| Untracked 
|  78|0x0000000746a00000, 0x0000000746a00000, 0x0000000746b00000|  0%| F|  |TAMS 0x0000000746a00000, 0x0000000746a00000| Untracked 
|  79|0x0000000746b00000, 0x0000000746b00000, 0x0000000746c00000|  0%| F|  |TAMS 0x0000000746b00000, 0x0000000746b00000| Untracked 
|  80|0x0000000746c00000, 0x0000000746c00000, 0x0000000746d00000|  0%| F|  |TAMS 0x0000000746c00000, 0x0000000746c00000| Untracked 
|  81|0x0000000746d00000, 0x0000000746defbe0, 0x0000000746e00000| 93%| S|CS|TAMS 0x0000000746d00000, 0x0000000746d00000| Complete 
|  82|0x0000000746e00000, 0x0000000746f00000, 0x0000000746f00000|100%| S|CS|TAMS 0x0000000746e00000, 0x0000000746e00000| Complete 
|  83|0x0000000746f00000, 0x0000000747000000, 0x0000000747000000|100%| S|CS|TAMS 0x0000000746f00000, 0x0000000746f00000| Complete 
|  84|0x0000000747000000, 0x0000000747100000, 0x0000000747100000|100%| S|CS|TAMS 0x0000000747000000, 0x0000000747000000| Complete 
|  85|0x0000000747100000, 0x0000000747200000, 0x0000000747200000|100%| S|CS|TAMS 0x0000000747100000, 0x0000000747100000| Complete 
|  86|0x0000000747200000, 0x0000000747300000, 0x0000000747300000|100%| S|CS|TAMS 0x0000000747200000, 0x0000000747200000| Complete 
|  87|0x0000000747300000, 0x0000000747400000, 0x0000000747400000|100%| S|CS|TAMS 0x0000000747300000, 0x0000000747300000| Complete 
|  88|0x0000000747400000, 0x0000000747500000, 0x0000000747500000|100%| S|CS|TAMS 0x0000000747400000, 0x0000000747400000| Complete 
|  89|0x0000000747500000, 0x0000000747600000, 0x0000000747600000|100%| S|CS|TAMS 0x0000000747500000, 0x0000000747500000| Complete 
|  90|0x0000000747600000, 0x0000000747700000, 0x0000000747700000|100%| S|CS|TAMS 0x0000000747600000, 0x0000000747600000| Complete 
|  91|0x0000000747700000, 0x0000000747800000, 0x0000000747800000|100%| S|CS|TAMS 0x0000000747700000, 0x0000000747700000| Complete 
|  92|0x0000000747800000, 0x0000000747800000, 0x0000000747900000|  0%| F|  |TAMS 0x0000000747800000, 0x0000000747800000| Untracked 
|  93|0x0000000747900000, 0x0000000747900000, 0x0000000747a00000|  0%| F|  |TAMS 0x0000000747900000, 0x0000000747900000| Untracked 
|  94|0x0000000747a00000, 0x0000000747a00000, 0x0000000747b00000|  0%| F|  |TAMS 0x0000000747a00000, 0x0000000747a00000| Untracked 
|  95|0x0000000747b00000, 0x0000000747b00000, 0x0000000747c00000|  0%| F|  |TAMS 0x0000000747b00000, 0x0000000747b00000| Untracked 
|  96|0x0000000747c00000, 0x0000000747c00000, 0x0000000747d00000|  0%| F|  |TAMS 0x0000000747c00000, 0x0000000747c00000| Untracked 
|  97|0x0000000747d00000, 0x0000000747d00000, 0x0000000747e00000|  0%| F|  |TAMS 0x0000000747d00000, 0x0000000747d00000| Untracked 
|  98|0x0000000747e00000, 0x0000000747e00000, 0x0000000747f00000|  0%| F|  |TAMS 0x0000000747e00000, 0x0000000747e00000| Untracked 
|  99|0x0000000747f00000, 0x0000000747f00000, 0x0000000748000000|  0%| F|  |TAMS 0x0000000747f00000, 0x0000000747f00000| Untracked 
| 100|0x0000000748000000, 0x0000000748000000, 0x0000000748100000|  0%| F|  |TAMS 0x0000000748000000, 0x0000000748000000| Untracked 
| 101|0x0000000748100000, 0x0000000748100000, 0x0000000748200000|  0%| F|  |TAMS 0x0000000748100000, 0x0000000748100000| Untracked 
| 102|0x0000000748200000, 0x0000000748200000, 0x0000000748300000|  0%| F|  |TAMS 0x0000000748200000, 0x0000000748200000| Untracked 
| 103|0x0000000748300000, 0x0000000748300000, 0x0000000748400000|  0%| F|  |TAMS 0x0000000748300000, 0x0000000748300000| Untracked 
| 104|0x0000000748400000, 0x0000000748400000, 0x0000000748500000|  0%| F|  |TAMS 0x0000000748400000, 0x0000000748400000| Untracked 
| 105|0x0000000748500000, 0x0000000748500000, 0x0000000748600000|  0%| F|  |TAMS 0x0000000748500000, 0x0000000748500000| Untracked 
| 106|0x0000000748600000, 0x0000000748600000, 0x0000000748700000|  0%| F|  |TAMS 0x0000000748600000, 0x0000000748600000| Untracked 
| 107|0x0000000748700000, 0x0000000748700000, 0x0000000748800000|  0%| F|  |TAMS 0x0000000748700000, 0x0000000748700000| Untracked 
| 108|0x0000000748800000, 0x0000000748800000, 0x0000000748900000|  0%| F|  |TAMS 0x0000000748800000, 0x0000000748800000| Untracked 
| 109|0x0000000748900000, 0x0000000748900000, 0x0000000748a00000|  0%| F|  |TAMS 0x0000000748900000, 0x0000000748900000| Untracked 
| 110|0x0000000748a00000, 0x0000000748a00000, 0x0000000748b00000|  0%| F|  |TAMS 0x0000000748a00000, 0x0000000748a00000| Untracked 
| 111|0x0000000748b00000, 0x0000000748b00000, 0x0000000748c00000|  0%| F|  |TAMS 0x0000000748b00000, 0x0000000748b00000| Untracked 
| 112|0x0000000748c00000, 0x0000000748c00000, 0x0000000748d00000|  0%| F|  |TAMS 0x0000000748c00000, 0x0000000748c00000| Untracked 
| 113|0x0000000748d00000, 0x0000000748d00000, 0x0000000748e00000|  0%| F|  |TAMS 0x0000000748d00000, 0x0000000748d00000| Untracked 
| 114|0x0000000748e00000, 0x0000000748e00000, 0x0000000748f00000|  0%| F|  |TAMS 0x0000000748e00000, 0x0000000748e00000| Untracked 
| 115|0x0000000748f00000, 0x0000000748f00000, 0x0000000749000000|  0%| F|  |TAMS 0x0000000748f00000, 0x0000000748f00000| Untracked 
| 116|0x0000000749000000, 0x0000000749000000, 0x0000000749100000|  0%| F|  |TAMS 0x0000000749000000, 0x0000000749000000| Untracked 
| 117|0x0000000749100000, 0x0000000749100000, 0x0000000749200000|  0%| F|  |TAMS 0x0000000749100000, 0x0000000749100000| Untracked 
| 118|0x0000000749200000, 0x0000000749200000, 0x0000000749300000|  0%| F|  |TAMS 0x0000000749200000, 0x0000000749200000| Untracked 
| 119|0x0000000749300000, 0x0000000749300000, 0x0000000749400000|  0%| F|  |TAMS 0x0000000749300000, 0x0000000749300000| Untracked 
| 120|0x0000000749400000, 0x0000000749400000, 0x0000000749500000|  0%| F|  |TAMS 0x0000000749400000, 0x0000000749400000| Untracked 
| 121|0x0000000749500000, 0x0000000749500000, 0x0000000749600000|  0%| F|  |TAMS 0x0000000749500000, 0x0000000749500000| Untracked 
| 122|0x0000000749600000, 0x0000000749600000, 0x0000000749700000|  0%| F|  |TAMS 0x0000000749600000, 0x0000000749600000| Untracked 
| 123|0x0000000749700000, 0x0000000749700000, 0x0000000749800000|  0%| F|  |TAMS 0x0000000749700000, 0x0000000749700000| Untracked 
| 124|0x0000000749800000, 0x0000000749800000, 0x0000000749900000|  0%| F|  |TAMS 0x0000000749800000, 0x0000000749800000| Untracked 
| 125|0x0000000749900000, 0x0000000749900000, 0x0000000749a00000|  0%| F|  |TAMS 0x0000000749900000, 0x0000000749900000| Untracked 
| 126|0x0000000749a00000, 0x0000000749a00000, 0x0000000749b00000|  0%| F|  |TAMS 0x0000000749a00000, 0x0000000749a00000| Untracked 
| 127|0x0000000749b00000, 0x0000000749b00000, 0x0000000749c00000|  0%| F|  |TAMS 0x0000000749b00000, 0x0000000749b00000| Untracked 
| 128|0x0000000749c00000, 0x0000000749c00000, 0x0000000749d00000|  0%| F|  |TAMS 0x0000000749c00000, 0x0000000749c00000| Untracked 
| 129|0x0000000749d00000, 0x0000000749d00000, 0x0000000749e00000|  0%| F|  |TAMS 0x0000000749d00000, 0x0000000749d00000| Untracked 
| 130|0x0000000749e00000, 0x0000000749e00000, 0x0000000749f00000|  0%| F|  |TAMS 0x0000000749e00000, 0x0000000749e00000| Untracked 
| 131|0x0000000749f00000, 0x0000000749f00000, 0x000000074a000000|  0%| F|  |TAMS 0x0000000749f00000, 0x0000000749f00000| Untracked 
| 132|0x000000074a000000, 0x000000074a000000, 0x000000074a100000|  0%| F|  |TAMS 0x000000074a000000, 0x000000074a000000| Untracked 
| 133|0x000000074a100000, 0x000000074a100000, 0x000000074a200000|  0%| F|  |TAMS 0x000000074a100000, 0x000000074a100000| Untracked 
| 134|0x000000074a200000, 0x000000074a200000, 0x000000074a300000|  0%| F|  |TAMS 0x000000074a200000, 0x000000074a200000| Untracked 
| 135|0x000000074a300000, 0x000000074a300000, 0x000000074a400000|  0%| F|  |TAMS 0x000000074a300000, 0x000000074a300000| Untracked 
| 136|0x000000074a400000, 0x000000074a400000, 0x000000074a500000|  0%| F|  |TAMS 0x000000074a400000, 0x000000074a400000| Untracked 
| 137|0x000000074a500000, 0x000000074a500000, 0x000000074a600000|  0%| F|  |TAMS 0x000000074a500000, 0x000000074a500000| Untracked 
| 138|0x000000074a600000, 0x000000074a600000, 0x000000074a700000|  0%| F|  |TAMS 0x000000074a600000, 0x000000074a600000| Untracked 
| 139|0x000000074a700000, 0x000000074a700000, 0x000000074a800000|  0%| F|  |TAMS 0x000000074a700000, 0x000000074a700000| Untracked 
| 140|0x000000074a800000, 0x000000074a800000, 0x000000074a900000|  0%| F|  |TAMS 0x000000074a800000, 0x000000074a800000| Untracked 
| 141|0x000000074a900000, 0x000000074a900000, 0x000000074aa00000|  0%| F|  |TAMS 0x000000074a900000, 0x000000074a900000| Untracked 
| 142|0x000000074aa00000, 0x000000074aa00000, 0x000000074ab00000|  0%| F|  |TAMS 0x000000074aa00000, 0x000000074aa00000| Untracked 
| 143|0x000000074ab00000, 0x000000074ab00000, 0x000000074ac00000|  0%| F|  |TAMS 0x000000074ab00000, 0x000000074ab00000| Untracked 
| 144|0x000000074ac00000, 0x000000074ac00000, 0x000000074ad00000|  0%| F|  |TAMS 0x000000074ac00000, 0x000000074ac00000| Untracked 
| 145|0x000000074ad00000, 0x000000074ad00000, 0x000000074ae00000|  0%| F|  |TAMS 0x000000074ad00000, 0x000000074ad00000| Untracked 
| 146|0x000000074ae00000, 0x000000074ae00000, 0x000000074af00000|  0%| F|  |TAMS 0x000000074ae00000, 0x000000074ae00000| Untracked 
| 147|0x000000074af00000, 0x000000074af00000, 0x000000074b000000|  0%| F|  |TAMS 0x000000074af00000, 0x000000074af00000| Untracked 
| 148|0x000000074b000000, 0x000000074b000000, 0x000000074b100000|  0%| F|  |TAMS 0x000000074b000000, 0x000000074b000000| Untracked 
| 149|0x000000074b100000, 0x000000074b100000, 0x000000074b200000|  0%| F|  |TAMS 0x000000074b100000, 0x000000074b100000| Untracked 
| 150|0x000000074b200000, 0x000000074b200000, 0x000000074b300000|  0%| F|  |TAMS 0x000000074b200000, 0x000000074b200000| Untracked 
| 151|0x000000074b300000, 0x000000074b300000, 0x000000074b400000|  0%| F|  |TAMS 0x000000074b300000, 0x000000074b300000| Untracked 
| 152|0x000000074b400000, 0x000000074b400000, 0x000000074b500000|  0%| F|  |TAMS 0x000000074b400000, 0x000000074b400000| Untracked 
| 153|0x000000074b500000, 0x000000074b500000, 0x000000074b600000|  0%| F|  |TAMS 0x000000074b500000, 0x000000074b500000| Untracked 
| 154|0x000000074b600000, 0x000000074b600000, 0x000000074b700000|  0%| F|  |TAMS 0x000000074b600000, 0x000000074b600000| Untracked 
| 155|0x000000074b700000, 0x000000074b700000, 0x000000074b800000|  0%| F|  |TAMS 0x000000074b700000, 0x000000074b700000| Untracked 
| 156|0x000000074b800000, 0x000000074b800000, 0x000000074b900000|  0%| F|  |TAMS 0x000000074b800000, 0x000000074b800000| Untracked 
| 157|0x000000074b900000, 0x000000074b900000, 0x000000074ba00000|  0%| F|  |TAMS 0x000000074b900000, 0x000000074b900000| Untracked 
| 158|0x000000074ba00000, 0x000000074ba00000, 0x000000074bb00000|  0%| F|  |TAMS 0x000000074ba00000, 0x000000074ba00000| Untracked 
| 159|0x000000074bb00000, 0x000000074bb00000, 0x000000074bc00000|  0%| F|  |TAMS 0x000000074bb00000, 0x000000074bb00000| Untracked 
| 160|0x000000074bc00000, 0x000000074bc00000, 0x000000074bd00000|  0%| F|  |TAMS 0x000000074bc00000, 0x000000074bc00000| Untracked 
| 161|0x000000074bd00000, 0x000000074bd00000, 0x000000074be00000|  0%| F|  |TAMS 0x000000074bd00000, 0x000000074bd00000| Untracked 
| 162|0x000000074be00000, 0x000000074be00000, 0x000000074bf00000|  0%| F|  |TAMS 0x000000074be00000, 0x000000074be00000| Untracked 
| 163|0x000000074bf00000, 0x000000074bf00000, 0x000000074c000000|  0%| F|  |TAMS 0x000000074bf00000, 0x000000074bf00000| Untracked 
| 164|0x000000074c000000, 0x000000074c000000, 0x000000074c100000|  0%| F|  |TAMS 0x000000074c000000, 0x000000074c000000| Untracked 
| 165|0x000000074c100000, 0x000000074c100000, 0x000000074c200000|  0%| F|  |TAMS 0x000000074c100000, 0x000000074c100000| Untracked 
| 166|0x000000074c200000, 0x000000074c200000, 0x000000074c300000|  0%| F|  |TAMS 0x000000074c200000, 0x000000074c200000| Untracked 
| 167|0x000000074c300000, 0x000000074c300000, 0x000000074c400000|  0%| F|  |TAMS 0x000000074c300000, 0x000000074c300000| Untracked 
| 168|0x000000074c400000, 0x000000074c400000, 0x000000074c500000|  0%| F|  |TAMS 0x000000074c400000, 0x000000074c400000| Untracked 
| 169|0x000000074c500000, 0x000000074c500000, 0x000000074c600000|  0%| F|  |TAMS 0x000000074c500000, 0x000000074c500000| Untracked 
| 170|0x000000074c600000, 0x000000074c600000, 0x000000074c700000|  0%| F|  |TAMS 0x000000074c600000, 0x000000074c600000| Untracked 
| 171|0x000000074c700000, 0x000000074c700000, 0x000000074c800000|  0%| F|  |TAMS 0x000000074c700000, 0x000000074c700000| Untracked 
| 172|0x000000074c800000, 0x000000074c800000, 0x000000074c900000|  0%| F|  |TAMS 0x000000074c800000, 0x000000074c800000| Untracked 
| 173|0x000000074c900000, 0x000000074c900000, 0x000000074ca00000|  0%| F|  |TAMS 0x000000074c900000, 0x000000074c900000| Untracked 
| 174|0x000000074ca00000, 0x000000074ca00000, 0x000000074cb00000|  0%| F|  |TAMS 0x000000074ca00000, 0x000000074ca00000| Untracked 
| 175|0x000000074cb00000, 0x000000074cb00000, 0x000000074cc00000|  0%| F|  |TAMS 0x000000074cb00000, 0x000000074cb00000| Untracked 
| 176|0x000000074cc00000, 0x000000074cc00000, 0x000000074cd00000|  0%| F|  |TAMS 0x000000074cc00000, 0x000000074cc00000| Untracked 
| 177|0x000000074cd00000, 0x000000074cd00000, 0x000000074ce00000|  0%| F|  |TAMS 0x000000074cd00000, 0x000000074cd00000| Untracked 
| 178|0x000000074ce00000, 0x000000074ce00000, 0x000000074cf00000|  0%| F|  |TAMS 0x000000074ce00000, 0x000000074ce00000| Untracked 
| 179|0x000000074cf00000, 0x000000074cf00000, 0x000000074d000000|  0%| F|  |TAMS 0x000000074cf00000, 0x000000074cf00000| Untracked 
| 180|0x000000074d000000, 0x000000074d000000, 0x000000074d100000|  0%| F|  |TAMS 0x000000074d000000, 0x000000074d000000| Untracked 
| 181|0x000000074d100000, 0x000000074d100000, 0x000000074d200000|  0%| F|  |TAMS 0x000000074d100000, 0x000000074d100000| Untracked 
| 182|0x000000074d200000, 0x000000074d200000, 0x000000074d300000|  0%| F|  |TAMS 0x000000074d200000, 0x000000074d200000| Untracked 
| 183|0x000000074d300000, 0x000000074d300000, 0x000000074d400000|  0%| F|  |TAMS 0x000000074d300000, 0x000000074d300000| Untracked 
| 184|0x000000074d400000, 0x000000074d400000, 0x000000074d500000|  0%| F|  |TAMS 0x000000074d400000, 0x000000074d400000| Untracked 
| 185|0x000000074d500000, 0x000000074d500000, 0x000000074d600000|  0%| F|  |TAMS 0x000000074d500000, 0x000000074d500000| Untracked 
| 186|0x000000074d600000, 0x000000074d700000, 0x000000074d700000|100%| E|  |TAMS 0x000000074d600000, 0x000000074d600000| Complete 
| 187|0x000000074d700000, 0x000000074d800000, 0x000000074d800000|100%| E|CS|TAMS 0x000000074d700000, 0x000000074d700000| Complete 
| 188|0x000000074d800000, 0x000000074d900000, 0x000000074d900000|100%| E|CS|TAMS 0x000000074d800000, 0x000000074d800000| Complete 
| 189|0x000000074d900000, 0x000000074da00000, 0x000000074da00000|100%| E|CS|TAMS 0x000000074d900000, 0x000000074d900000| Complete 
| 190|0x000000074da00000, 0x000000074db00000, 0x000000074db00000|100%| E|CS|TAMS 0x000000074da00000, 0x000000074da00000| Complete 
| 191|0x000000074db00000, 0x000000074dc00000, 0x000000074dc00000|100%| E|CS|TAMS 0x000000074db00000, 0x000000074db00000| Complete 
| 192|0x000000074dc00000, 0x000000074dd00000, 0x000000074dd00000|100%| E|CS|TAMS 0x000000074dc00000, 0x000000074dc00000| Complete 
| 193|0x000000074dd00000, 0x000000074de00000, 0x000000074de00000|100%| E|CS|TAMS 0x000000074dd00000, 0x000000074dd00000| Complete 
| 194|0x000000074de00000, 0x000000074df00000, 0x000000074df00000|100%| E|CS|TAMS 0x000000074de00000, 0x000000074de00000| Complete 
| 195|0x000000074df00000, 0x000000074e000000, 0x000000074e000000|100%| E|CS|TAMS 0x000000074df00000, 0x000000074df00000| Complete 
| 196|0x000000074e000000, 0x000000074e100000, 0x000000074e100000|100%| E|CS|TAMS 0x000000074e000000, 0x000000074e000000| Complete 
| 197|0x000000074e100000, 0x000000074e200000, 0x000000074e200000|100%| E|CS|TAMS 0x000000074e100000, 0x000000074e100000| Complete 
| 198|0x000000074e200000, 0x000000074e300000, 0x000000074e300000|100%| E|CS|TAMS 0x000000074e200000, 0x000000074e200000| Complete 
| 199|0x000000074e300000, 0x000000074e400000, 0x000000074e400000|100%| E|CS|TAMS 0x000000074e300000, 0x000000074e300000| Complete 
| 200|0x000000074e400000, 0x000000074e500000, 0x000000074e500000|100%| E|CS|TAMS 0x000000074e400000, 0x000000074e400000| Complete 
| 201|0x000000074e500000, 0x000000074e600000, 0x000000074e600000|100%| E|CS|TAMS 0x000000074e500000, 0x000000074e500000| Complete 
| 202|0x000000074e600000, 0x000000074e700000, 0x000000074e700000|100%| E|CS|TAMS 0x000000074e600000, 0x000000074e600000| Complete 
| 203|0x000000074e700000, 0x000000074e800000, 0x000000074e800000|100%| E|CS|TAMS 0x000000074e700000, 0x000000074e700000| Complete 
| 204|0x000000074e800000, 0x000000074e900000, 0x000000074e900000|100%| E|CS|TAMS 0x000000074e800000, 0x000000074e800000| Complete 
| 205|0x000000074e900000, 0x000000074ea00000, 0x000000074ea00000|100%| E|CS|TAMS 0x000000074e900000, 0x000000074e900000| Complete 
| 206|0x000000074ea00000, 0x000000074eb00000, 0x000000074eb00000|100%| E|CS|TAMS 0x000000074ea00000, 0x000000074ea00000| Complete 
| 207|0x000000074eb00000, 0x000000074ec00000, 0x000000074ec00000|100%| E|CS|TAMS 0x000000074eb00000, 0x000000074eb00000| Complete 
| 208|0x000000074ec00000, 0x000000074ed00000, 0x000000074ed00000|100%| E|CS|TAMS 0x000000074ec00000, 0x000000074ec00000| Complete 
| 209|0x000000074ed00000, 0x000000074ee00000, 0x000000074ee00000|100%| E|CS|TAMS 0x000000074ed00000, 0x000000074ed00000| Complete 
| 210|0x000000074ee00000, 0x000000074ef00000, 0x000000074ef00000|100%| E|CS|TAMS 0x000000074ee00000, 0x000000074ee00000| Complete 
| 211|0x000000074ef00000, 0x000000074f000000, 0x000000074f000000|100%| E|CS|TAMS 0x000000074ef00000, 0x000000074ef00000| Complete 
| 212|0x000000074f000000, 0x000000074f100000, 0x000000074f100000|100%| E|CS|TAMS 0x000000074f000000, 0x000000074f000000| Complete 
| 213|0x000000074f100000, 0x000000074f200000, 0x000000074f200000|100%| E|CS|TAMS 0x000000074f100000, 0x000000074f100000| Complete 
| 214|0x000000074f200000, 0x000000074f300000, 0x000000074f300000|100%| E|CS|TAMS 0x000000074f200000, 0x000000074f200000| Complete 
| 215|0x000000074f300000, 0x000000074f400000, 0x000000074f400000|100%| E|CS|TAMS 0x000000074f300000, 0x000000074f300000| Complete 
| 216|0x000000074f400000, 0x000000074f500000, 0x000000074f500000|100%| E|CS|TAMS 0x000000074f400000, 0x000000074f400000| Complete 
| 217|0x000000074f500000, 0x000000074f600000, 0x000000074f600000|100%| E|CS|TAMS 0x000000074f500000, 0x000000074f500000| Complete 
| 218|0x000000074f600000, 0x000000074f700000, 0x000000074f700000|100%| E|CS|TAMS 0x000000074f600000, 0x000000074f600000| Complete 
| 219|0x000000074f700000, 0x000000074f800000, 0x000000074f800000|100%| E|CS|TAMS 0x000000074f700000, 0x000000074f700000| Complete 
| 220|0x000000074f800000, 0x000000074f900000, 0x000000074f900000|100%| E|CS|TAMS 0x000000074f800000, 0x000000074f800000| Complete 
| 221|0x000000074f900000, 0x000000074fa00000, 0x000000074fa00000|100%| E|CS|TAMS 0x000000074f900000, 0x000000074f900000| Complete 
| 222|0x000000074fa00000, 0x000000074fb00000, 0x000000074fb00000|100%| E|CS|TAMS 0x000000074fa00000, 0x000000074fa00000| Complete 
| 223|0x000000074fb00000, 0x000000074fc00000, 0x000000074fc00000|100%| E|CS|TAMS 0x000000074fb00000, 0x000000074fb00000| Complete 
| 224|0x000000074fc00000, 0x000000074fd00000, 0x000000074fd00000|100%| E|CS|TAMS 0x000000074fc00000, 0x000000074fc00000| Complete 
| 225|0x000000074fd00000, 0x000000074fe00000, 0x000000074fe00000|100%| E|CS|TAMS 0x000000074fd00000, 0x000000074fd00000| Complete 
| 226|0x000000074fe00000, 0x000000074ff00000, 0x000000074ff00000|100%| E|CS|TAMS 0x000000074fe00000, 0x000000074fe00000| Complete 
| 227|0x000000074ff00000, 0x0000000750000000, 0x0000000750000000|100%| E|CS|TAMS 0x000000074ff00000, 0x000000074ff00000| Complete 
| 228|0x0000000750000000, 0x0000000750100000, 0x0000000750100000|100%| E|CS|TAMS 0x0000000750000000, 0x0000000750000000| Complete 
| 229|0x0000000750100000, 0x0000000750200000, 0x0000000750200000|100%| E|CS|TAMS 0x0000000750100000, 0x0000000750100000| Complete 
| 230|0x0000000750200000, 0x0000000750300000, 0x0000000750300000|100%| E|CS|TAMS 0x0000000750200000, 0x0000000750200000| Complete 

Card table byte_map: [0x0000025a386d0000,0x0000025a38cd0000] _byte_map_base: 0x0000025a34cc2000

Marking Bits (Prev, Next): (CMBitMap*) 0x0000025a209c8008, (CMBitMap*) 0x0000025a209c8040
 Prev Bits: [0x0000025a392d0000, 0x0000025a3c260000)
 Next Bits: [0x0000025a3c260000, 0x0000025a3f1f0000)

Polling page: 0x0000025a20150000

Metaspace:

Usage:
  Non-class:     48.67 MB capacity,    47.76 MB ( 98%) used,   745.45 KB (  1%) free+waste,   186.94 KB ( <1%) overhead. 
      Class:      7.48 MB capacity,     6.86 MB ( 92%) used,   549.45 KB (  7%) free+waste,    89.75 KB (  1%) overhead. 
       Both:     56.15 MB capacity,    54.61 MB ( 97%) used,     1.26 MB (  2%) free+waste,   276.69 KB ( <1%) overhead. 

Virtual space:
  Non-class space:       50.00 MB reserved,      48.75 MB ( 98%) committed 
      Class space:        1.00 GB reserved,       7.50 MB ( <1%) committed 
             Both:        1.05 GB reserved,      56.25 MB (  5%) committed 

Chunk freelists:
   Non-Class:  20.00 KB
       Class:  19.00 KB
        Both:  39.00 KB

MaxMetaspaceSize: 17179869184.00 GB
CompressedClassSpaceSize: 1.00 GB
Initial GC threshold: 20.80 MB
Current GC threshold: 58.88 MB
CDS: off

CodeHeap 'non-profiled nmethods': size=120064Kb used=3174Kb max_used=3174Kb free=116889Kb
 bounds [0x0000025a30b90000, 0x0000025a30eb0000, 0x0000025a380d0000]
CodeHeap 'profiled nmethods': size=120000Kb used=10881Kb max_used=10881Kb free=109118Kb
 bounds [0x0000025a29660000, 0x0000025a2a110000, 0x0000025a30b90000]
CodeHeap 'non-nmethods': size=5696Kb used=1279Kb max_used=1290Kb free=4416Kb
 bounds [0x0000025a290d0000, 0x0000025a29340000, 0x0000025a29660000]
 total_blobs=5226 nmethods=4656 adapters=482
 compilation: enabled
              stopped_count=0, restarted_count=0
 full_count=0

Compilation events (20 events):
Event: 19.699 Thread 0x0000025a41faf000 4532       1       org.hibernate.cfg.PropertyInferredData::getProperty (5 bytes)
Event: 19.699 Thread 0x0000025a41faf000 nmethod 4532 0x0000025a30e9c290 code [0x0000025a30e9c440, 0x0000025a30e9c4f8]
Event: 19.700 Thread 0x0000025a41faf000 4533       1       org.hibernate.boot.model.naming.Identifier::getText (5 bytes)
Event: 19.700 Thread 0x0000025a41faf000 nmethod 4533 0x0000025a30e9c590 code [0x0000025a30e9c740, 0x0000025a30e9c7f8]
Event: 19.700 Thread 0x0000025a41faf000 4534       3       org.hibernate.internal.util.StringHelper::isNotEmpty (17 bytes)
Event: 19.701 Thread 0x0000025a41faf000 nmethod 4534 0x0000025a2a0b6410 code [0x0000025a2a0b65e0, 0x0000025a2a0b6858]
Event: 19.701 Thread 0x0000025a41faf000 4535       1       org.hibernate.annotations.common.reflection.java.TypeEnvironmentMap::access$100 (5 bytes)
Event: 19.701 Thread 0x0000025a41faf000 nmethod 4535 0x0000025a30e9c890 code [0x0000025a30e9ca40, 0x0000025a30e9cad8]
Event: 19.704 Thread 0x0000025a41faf000 4537       1       org.hibernate.annotations.common.reflection.XClass$1::returnStatic (2 bytes)
Event: 19.704 Thread 0x0000025a41faf000 nmethod 4537 0x0000025a30e9cb90 code [0x0000025a30e9cd40, 0x0000025a30e9cdf8]
Event: 19.705 Thread 0x0000025a41faf000 4538       1       org.hibernate.boot.model.relational.Database::getJdbcEnvironment (5 bytes)
Event: 19.706 Thread 0x0000025a41faf000 nmethod 4538 0x0000025a30e9ce90 code [0x0000025a30e9d040, 0x0000025a30e9d0f8]
Event: 19.706 Thread 0x0000025a41faf000 4539       1       org.hibernate.cfg.AbstractPropertyHolder::getPath (5 bytes)
Event: 19.706 Thread 0x0000025a41faf000 nmethod 4539 0x0000025a30e9d190 code [0x0000025a30e9d340, 0x0000025a30e9d3f8]
Event: 19.706 Thread 0x0000025a41faf000 4540       3       org.hibernate.boot.model.naming.CamelCaseToUnderscoresNamingStrategy::isUnderscoreRequired (27 bytes)
Event: 19.707 Thread 0x0000025a41faf000 nmethod 4540 0x0000025a2a0b6990 code [0x0000025a2a0b6c40, 0x0000025a2a0b77d8]
Event: 19.707 Thread 0x0000025a41faf000 4541       3       java.lang.Character::isLowerCase (5 bytes)
Event: 19.708 Thread 0x0000025a41faf000 nmethod 4541 0x0000025a2a0b7b10 code [0x0000025a2a0b7d00, 0x0000025a2a0b80d8]
Event: 19.708 Thread 0x0000025a41faf000 4542       3       java.lang.Character::isLowerCase (28 bytes)
Event: 19.708 Thread 0x0000025a41faf000 nmethod 4542 0x0000025a2a0b8210 code [0x0000025a2a0b8400, 0x0000025a2a0b8778]

GC Heap History (12 events):
Event: 1.906 GC heap before
{Heap before GC invocations=0 (full 0):
 garbage-first heap   total 196608K, used 14336K [0x0000000741c00000, 0x0000000800000000)
  region size 1024K, 14 young (14336K), 0 survivors (0K)
 Metaspace       used 9827K, capacity 10010K, committed 10240K, reserved 1058816K
  class space    used 880K, capacity 950K, committed 1024K, reserved 1048576K
}
Event: 1.968 GC heap after
{Heap after GC invocations=1 (full 0):
 garbage-first heap   total 196608K, used 6476K [0x0000000741c00000, 0x0000000800000000)
  region size 1024K, 2 young (2048K), 2 survivors (2048K)
 Metaspace       used 9827K, capacity 10010K, committed 10240K, reserved 1058816K
  class space    used 880K, capacity 950K, committed 1024K, reserved 1048576K
}
Event: 4.783 GC heap before
{Heap before GC invocations=1 (full 0):
 garbage-first heap   total 196608K, used 55628K [0x0000000741c00000, 0x0000000800000000)
  region size 1024K, 52 young (53248K), 2 survivors (2048K)
 Metaspace       used 20693K, capacity 21168K, committed 21248K, reserved 1069056K
  class space    used 2283K, capacity 2491K, committed 2560K, reserved 1048576K
}
Event: 4.799 GC heap after
{Heap after GC invocations=2 (full 0):
 garbage-first heap   total 196608K, used 9165K [0x0000000741c00000, 0x0000000800000000)
  region size 1024K, 5 young (5120K), 5 survivors (5120K)
 Metaspace       used 20693K, capacity 21168K, committed 21248K, reserved 1069056K
  class space    used 2283K, capacity 2491K, committed 2560K, reserved 1048576K
}
Event: 5.495 GC heap before
{Heap before GC invocations=3 (full 0):
 garbage-first heap   total 196608K, used 33741K [0x0000000741c00000, 0x0000000800000000)
  region size 1024K, 29 young (29696K), 5 survivors (5120K)
 Metaspace       used 22896K, capacity 23489K, committed 23680K, reserved 1071104K
  class space    used 2646K, capacity 2877K, committed 2944K, reserved 1048576K
}
Event: 5.515 GC heap after
{Heap after GC invocations=4 (full 0):
 garbage-first heap   total 196608K, used 10313K [0x0000000741c00000, 0x0000000800000000)
  region size 1024K, 2 young (2048K), 2 survivors (2048K)
 Metaspace       used 22896K, capacity 23489K, committed 23680K, reserved 1071104K
  class space    used 2646K, capacity 2877K, committed 2944K, reserved 1048576K
}
Event: 7.352 GC heap before
{Heap before GC invocations=4 (full 0):
 garbage-first heap   total 196608K, used 63561K [0x0000000741c00000, 0x0000000800000000)
  region size 1024K, 55 young (56320K), 2 survivors (2048K)
 Metaspace       used 29278K, capacity 29983K, committed 30080K, reserved 1075200K
  class space    used 3371K, capacity 3645K, committed 3712K, reserved 1048576K
}
Event: 7.358 GC heap after
{Heap after GC invocations=5 (full 0):
 garbage-first heap   total 196608K, used 12318K [0x0000000741c00000, 0x0000000800000000)
  region size 1024K, 4 young (4096K), 4 survivors (4096K)
 Metaspace       used 29278K, capacity 29983K, committed 30080K, reserved 1075200K
  class space    used 3371K, capacity 3645K, committed 3712K, reserved 1048576K
}
Event: 10.450 GC heap before
{Heap before GC invocations=5 (full 0):
 garbage-first heap   total 196608K, used 72734K [0x0000000741c00000, 0x0000000800000000)
  region size 1024K, 64 young (65536K), 4 survivors (4096K)
 Metaspace       used 34897K, capacity 35746K, committed 35840K, reserved 1081344K
  class space    used 4111K, capacity 4449K, committed 4480K, reserved 1048576K
}
Event: 10.468 GC heap after
{Heap after GC invocations=6 (full 0):
 garbage-first heap   total 196608K, used 14688K [0x0000000741c00000, 0x0000000800000000)
  region size 1024K, 6 young (6144K), 6 survivors (6144K)
 Metaspace       used 34897K, capacity 35746K, committed 35840K, reserved 1081344K
  class space    used 4111K, capacity 4449K, committed 4480K, reserved 1048576K
}
Event: 18.725 GC heap before
{Heap before GC invocations=7 (full 0):
 garbage-first heap   total 196608K, used 110944K [0x0000000741c00000, 0x0000000800000000)
  region size 1024K, 100 young (102400K), 6 survivors (6144K)
 Metaspace       used 49006K, capacity 50434K, committed 50688K, reserved 1093632K
  class space    used 6061K, capacity 6626K, committed 6656K, reserved 1048576K
}
Event: 18.754 GC heap after
{Heap after GC invocations=8 (full 0):
 garbage-first heap   total 236544K, used 20139K [0x0000000741c00000, 0x0000000800000000)
  region size 1024K, 11 young (11264K), 11 survivors (11264K)
 Metaspace       used 49006K, capacity 50434K, committed 50688K, reserved 1093632K
  class space    used 6061K, capacity 6626K, committed 6656K, reserved 1048576K
}

Deoptimization events (20 events):
Event: 15.622 Thread 0x0000025a20976800 DEOPT PACKING pc=0x0000025a29ff434e sp=0x000000f9f74fca10
Event: 15.622 Thread 0x0000025a20976800 DEOPT UNPACKING pc=0x0000025a2911a95e sp=0x000000f9f74fbe68 mode 0
Event: 15.623 Thread 0x0000025a20976800 DEOPT PACKING pc=0x0000025a29ff434e sp=0x000000f9f74fca10
Event: 15.623 Thread 0x0000025a20976800 DEOPT UNPACKING pc=0x0000025a2911a95e sp=0x000000f9f74fbe68 mode 0
Event: 15.795 Thread 0x0000025a20976800 Uncommon trap: trap_request=0xffffff4d fr.pc=0x0000025a30bf0da0 relative=0x0000000000000080
Event: 15.795 Thread 0x0000025a20976800 Uncommon trap: reason=unstable_if action=reinterpret pc=0x0000025a30bf0da0 method=java.lang.CharacterDataLatin1.isWhitespace(I)Z @ 14 c2
Event: 15.795 Thread 0x0000025a20976800 DEOPT PACKING pc=0x0000025a30bf0da0 sp=0x000000f9f74fd3c0
Event: 15.795 Thread 0x0000025a20976800 DEOPT UNPACKING pc=0x0000025a2911a1af sp=0x000000f9f74fd330 mode 2
Event: 16.483 Thread 0x0000025a42120000 DEOPT PACKING pc=0x0000025a2a0073fb sp=0x000000f9f8ffe320
Event: 16.483 Thread 0x0000025a42120000 DEOPT UNPACKING pc=0x0000025a2911a95e sp=0x000000f9f8ffd7f8 mode 0
Event: 17.023 Thread 0x0000025a20976800 Uncommon trap: trap_request=0xfffffff4 fr.pc=0x0000025a30d35538 relative=0x0000000000000758
Event: 17.023 Thread 0x0000025a20976800 Uncommon trap: reason=null_check action=make_not_entrant pc=0x0000025a30d35538 method=org.springframework.beans.factory.support.DefaultListableBeanFactory.getBeanDefinition(Ljava/lang/String;)Lorg/springframework/beans/factory/config/BeanDefinition; @ 10 
Event: 17.023 Thread 0x0000025a20976800 DEOPT PACKING pc=0x0000025a30d35538 sp=0x000000f9f74fd440
Event: 17.023 Thread 0x0000025a20976800 DEOPT UNPACKING pc=0x0000025a2911a1af sp=0x000000f9f74fd378 mode 2
Event: 17.217 Thread 0x0000025a20976800 DEOPT PACKING pc=0x0000025a29f3c024 sp=0x000000f9f74fd910
Event: 17.217 Thread 0x0000025a20976800 DEOPT UNPACKING pc=0x0000025a2911a95e sp=0x000000f9f74fceb0 mode 0
Event: 17.225 Thread 0x0000025a20976800 Uncommon trap: trap_request=0xffffff4d fr.pc=0x0000025a30dc2288 relative=0x0000000000001e88
Event: 17.225 Thread 0x0000025a20976800 Uncommon trap: reason=unstable_if action=reinterpret pc=0x0000025a30dc2288 method=java.net.URL.<init>(Ljava/net/URL;Ljava/lang/String;Ljava/net/URLStreamHandler;)V @ 57 c2
Event: 17.225 Thread 0x0000025a20976800 DEOPT PACKING pc=0x0000025a30dc2288 sp=0x000000f9f74fdeb0
Event: 17.225 Thread 0x0000025a20976800 DEOPT UNPACKING pc=0x0000025a2911a1af sp=0x000000f9f74fde70 mode 2

Classes redefined (0 events):
No events

Internal exceptions (20 events):
Event: 13.657 Thread 0x0000025a20976800 Exception <a 'java/io/FileNotFoundException'{0x000000074b90b208}> (0x000000074b90b208) thrown at [./src/hotspot/share/prims/jni.cpp, line 617]
Event: 13.742 Thread 0x0000025a20976800 Exception <a 'java/lang/NoSuchMethodError'{0x000000074b830060}: 'int java.lang.invoke.DirectMethodHandle$Holder.invokeInterface(java.lang.Object, java.lang.Object, java.lang.Object, java.lang.Object)'> (0x000000074b830060) thrown at [./src/hotspot/share/interpreter/linkResolver.cpp, line 773]
Event: 13.958 Thread 0x0000025a20976800 Exception <a 'java/lang/NoSuchMethodError'{0x000000074b631870}: 'java.lang.Object java.lang.invoke.DirectMethodHandle$Holder.invokeStaticInit(java.lang.Object, java.lang.Object, java.lang.Object, java.lang.Object)'> (0x000000074b631870) thrown at [./src/hotspot/share/interpreter/linkResolver.cpp, line 773]
Event: 13.967 Thread 0x0000025a20976800 Exception <a 'java/lang/IncompatibleClassChangeError'{0x000000074b646fa8}: Found class java.lang.Object, but interface was expected> (0x000000074b646fa8) thrown at [./src/hotspot/share/interpreter/linkResolver.cpp, line 839]
Event: 13.971 Thread 0x0000025a20976800 Exception <a 'java/lang/IncompatibleClassChangeError'{0x000000074b654d18}: Found class java.lang.Object, but interface was expected> (0x000000074b654d18) thrown at [./src/hotspot/share/interpreter/linkResolver.cpp, line 839]
Event: 14.007 Thread 0x0000025a20976800 Exception <a 'java/lang/IncompatibleClassChangeError'{0x000000074b6850c8}: Found class java.lang.Object, but interface was expected> (0x000000074b6850c8) thrown at [./src/hotspot/share/interpreter/linkResolver.cpp, line 839]
Event: 14.260 Thread 0x0000025a20976800 Exception <a 'java/lang/NoSuchMethodError'{0x000000074b1da2c8}: 'double java.lang.invoke.DirectMethodHandle$Holder.invokeStatic(java.lang.Object, java.lang.Object)'> (0x000000074b1da2c8) thrown at [./src/hotspot/share/interpreter/linkResolver.cpp, line 773]
Event: 14.267 Thread 0x0000025a20976800 Exception <a 'java/lang/NoSuchMethodError'{0x000000074b1e2cf0}: 'void java.lang.invoke.DirectMethodHandle$Holder.invokeStatic(java.lang.Object, java.lang.Object, double)'> (0x000000074b1e2cf0) thrown at [./src/hotspot/share/interpreter/linkResolver.cpp, line 773]
Event: 14.273 Thread 0x0000025a20976800 Exception <a 'java/lang/NoSuchMethodError'{0x000000074b1edcb0}: 'long java.lang.invoke.DirectMethodHandle$Holder.invokeVirtual(java.lang.Object, java.lang.Object)'> (0x000000074b1edcb0) thrown at [./src/hotspot/share/interpreter/linkResolver.cpp, line 773]
Event: 14.315 Thread 0x0000025a20976800 Exception <a 'java/lang/NoSuchMethodError'{0x000000074b06ba88}: 'double java.lang.invoke.DirectMethodHandle$Holder.invokeStatic(java.lang.Object, java.lang.Object, java.lang.Object)'> (0x000000074b06ba88) thrown at [./src/hotspot/share/interpreter/linkResolver.cpp, line 773]
Event: 14.362 Thread 0x0000025a20976800 Exception <a 'java/lang/NullPointerException'{0x000000074af1db10}> (0x000000074af1db10) thrown at [./src/hotspot/share/interpreter/linkResolver.cpp, line 1358]
Event: 14.363 Thread 0x0000025a20976800 Exception <a 'java/lang/IncompatibleClassChangeError'{0x000000074af1e728}: Found class java.lang.Object, but interface was expected> (0x000000074af1e728) thrown at [./src/hotspot/share/interpreter/linkResolver.cpp, line 839]
Event: 14.364 Thread 0x0000025a20976800 Exception <a 'java/lang/NullPointerException'{0x000000074af217c0}> (0x000000074af217c0) thrown at [./src/hotspot/share/interpreter/linkResolver.cpp, line 1358]
Event: 14.608 Thread 0x0000025a20976800 Exception <a 'java/io/FileNotFoundException'{0x000000074ab6fc10}> (0x000000074ab6fc10) thrown at [./src/hotspot/share/prims/jni.cpp, line 617]
Event: 14.655 Thread 0x0000025a20976800 Exception <a 'java/lang/NoSuchMethodError'{0x000000074aa4b7a8}: 'void java.lang.invoke.DirectMethodHandle$Holder.invokeStatic(java.lang.Object, java.lang.Object, int)'> (0x000000074aa4b7a8) thrown at [./src/hotspot/share/interpreter/linkResolver.cpp, line 773]
Event: 14.720 Thread 0x0000025a20976800 Implicit null exception at 0x0000025a30db9f2c to 0x0000025a30db9f5e
Event: 14.879 Thread 0x0000025a20976800 Implicit null exception at 0x0000025a30db2f6c to 0x0000025a30db3018
Event: 15.454 Thread 0x0000025a20976800 Exception <a 'sun/nio/fs/WindowsException'{0x000000074a367d20}> (0x000000074a367d20) thrown at [./src/hotspot/share/prims/jni.cpp, line 617]
Event: 17.023 Thread 0x0000025a20976800 Implicit null exception at 0x0000025a30d3530f to 0x0000025a30d35524
Event: 18.793 Thread 0x0000025a41fa4800 Exception <a 'java/lang/NoSuchMethodError'{0x00000007502568e0}: 'long java.lang.invoke.DirectMethodHandle$Holder.invokeStatic(java.lang.Object, long, long)'> (0x00000007502568e0) thrown at [./src/hotspot/share/interpreter/linkResolver.cpp, line 773]

Events (20 events):
Event: 19.685 loading class org/hibernate/usertype/EnhancedUserType done
Event: 19.686 loading class org/hibernate/usertype/UserType
Event: 19.686 loading class org/hibernate/usertype/UserType done
Event: 19.686 loading class org/hibernate/usertype/DynamicParameterizedType
Event: 19.686 loading class org/hibernate/usertype/DynamicParameterizedType done
Event: 19.687 loading class org/hibernate/usertype/ParameterizedType
Event: 19.687 loading class org/hibernate/usertype/ParameterizedType done
Event: 19.687 loading class org/hibernate/usertype/LoggableUserType
Event: 19.687 loading class org/hibernate/usertype/LoggableUserType done
Event: 19.687 loading class org/hibernate/type/spi/TypeConfigurationAware
Event: 19.687 loading class org/hibernate/type/spi/TypeConfigurationAware done
Event: 19.691 Thread 0x0000025a432b2800 Thread added: 0x0000025a432b2800
Event: 19.691 loading class ru/practicum/ewm/requests/model/ParticipationRequest$ParticipationRequestBuilder
Event: 19.691 loading class ru/practicum/ewm/requests/model/ParticipationRequest$ParticipationRequestBuilder done
Event: 19.692 loading class ru/practicum/ewm/requests/dto/Status
Event: 19.692 loading class ru/practicum/ewm/requests/dto/Status done
Event: 19.702 loading class ru/practicum/ewm/users/model/User$UserBuilder
Event: 19.702 loading class ru/practicum/ewm/users/model/User$UserBuilder done
Event: 19.707 loading class org/hibernate/boot/spi/MetadataContributor
Event: 19.707 loading class org/hibernate/boot/spi/MetadataContributor done


Dynamic libraries:
0x00007ff6b3720000 - 0x00007ff6b372d000 	C:\Program Files\Amazon Corretto\jdk11.0.16_9\bin\java.exe
0x00007ff9a7b30000 - 0x00007ff9a7d28000 	C:\WINDOWS\SYSTEM32\ntdll.dll
0x00007ff9a79f0000 - 0x00007ff9a7aad000 	C:\WINDOWS\System32\KERNEL32.DLL
0x00007ff9a57c0000 - 0x00007ff9a5ab6000 	C:\WINDOWS\System32\KERNELBASE.dll
0x00007ff9a56c0000 - 0x00007ff9a57c0000 	C:\WINDOWS\System32\ucrtbase.dll
0x00007ff99f4a0000 - 0x00007ff99f4b7000 	C:\Program Files\Amazon Corretto\jdk11.0.16_9\bin\jli.dll
0x00007ff99f5e0000 - 0x00007ff99f5f9000 	C:\Program Files\Amazon Corretto\jdk11.0.16_9\bin\VCRUNTIME140.dll
0x00007ff9a7530000 - 0x00007ff9a76ce000 	C:\WINDOWS\System32\USER32.dll
0x00007ff9a51e0000 - 0x00007ff9a5202000 	C:\WINDOWS\System32\win32u.dll
0x00007ff9953b0000 - 0x00007ff99564a000 	C:\WINDOWS\WinSxS\amd64_microsoft.windows.common-controls_6595b64144ccf1df_6.0.19041.1110_none_60b5254171f9507e\COMCTL32.dll
0x00007ff9a78e0000 - 0x00007ff9a790c000 	C:\WINDOWS\System32\GDI32.dll
0x00007ff9a7430000 - 0x00007ff9a74ce000 	C:\WINDOWS\System32\msvcrt.dll
0x00007ff9a5550000 - 0x00007ff9a566a000 	C:\WINDOWS\System32\gdi32full.dll
0x00007ff9a5ac0000 - 0x00007ff9a5b5d000 	C:\WINDOWS\System32\msvcp_win.dll
0x00007ff9a7910000 - 0x00007ff9a7940000 	C:\WINDOWS\System32\IMM32.DLL
0x00007ff991f10000 - 0x00007ff991fab000 	C:\Program Files\Amazon Corretto\jdk11.0.16_9\bin\msvcp140.dll
0x00007ff973c40000 - 0x00007ff9747c4000 	C:\Program Files\Amazon Corretto\jdk11.0.16_9\bin\server\jvm.dll
0x00007ff9a6550000 - 0x00007ff9a65fe000 	C:\WINDOWS\System32\ADVAPI32.dll
0x00007ff9a6000000 - 0x00007ff9a609c000 	C:\WINDOWS\System32\sechost.dll
0x00007ff9a71e0000 - 0x00007ff9a7306000 	C:\WINDOWS\System32\RPCRT4.dll
0x00007ff9a64d0000 - 0x00007ff9a64d8000 	C:\WINDOWS\System32\PSAPI.DLL
0x00007ff9a38b0000 - 0x00007ff9a38b9000 	C:\WINDOWS\SYSTEM32\WSOCK32.dll
0x00007ff997d50000 - 0x00007ff997d77000 	C:\WINDOWS\SYSTEM32\WINMM.dll
0x00007ff998520000 - 0x00007ff99852a000 	C:\WINDOWS\SYSTEM32\VERSION.dll
0x00007ff9a7730000 - 0x00007ff9a779b000 	C:\WINDOWS\System32\WS2_32.dll
0x00007ff9a3d00000 - 0x00007ff9a3d12000 	C:\WINDOWS\SYSTEM32\kernel.appcore.dll
0x00007ff9a23a0000 - 0x00007ff9a23b0000 	C:\Program Files\Amazon Corretto\jdk11.0.16_9\bin\verify.dll
0x00007ff9a3690000 - 0x00007ff9a3874000 	C:\WINDOWS\SYSTEM32\DBGHELP.DLL
0x00007ff991120000 - 0x00007ff991154000 	C:\WINDOWS\SYSTEM32\dbgcore.DLL
0x00007ff9a5450000 - 0x00007ff9a54d2000 	C:\WINDOWS\System32\bcryptPrimitives.dll
0x00007ff99f470000 - 0x00007ff99f498000 	C:\Program Files\Amazon Corretto\jdk11.0.16_9\bin\java.dll
0x00007ff9a0660000 - 0x00007ff9a066a000 	C:\Program Files\Amazon Corretto\jdk11.0.16_9\bin\jimage.dll
0x00007ff99f450000 - 0x00007ff99f45e000 	C:\Program Files\Amazon Corretto\jdk11.0.16_9\bin\instrument.dll
0x00007ff99e150000 - 0x00007ff99e168000 	C:\Program Files\Amazon Corretto\jdk11.0.16_9\bin\zip.dll
0x00007ff9a6600000 - 0x00007ff9a6d45000 	C:\WINDOWS\System32\SHELL32.dll
0x00007ff9a2e30000 - 0x00007ff9a35cb000 	C:\WINDOWS\SYSTEM32\windows.storage.dll
0x00007ff9a5ca0000 - 0x00007ff9a5ff4000 	C:\WINDOWS\System32\combase.dll
0x00007ff9a4ad0000 - 0x00007ff9a4afe000 	C:\WINDOWS\SYSTEM32\Wldp.dll
0x00007ff9a5bf0000 - 0x00007ff9a5c9d000 	C:\WINDOWS\System32\SHCORE.dll
0x00007ff9a74d0000 - 0x00007ff9a7525000 	C:\WINDOWS\System32\shlwapi.dll
0x00007ff9a5110000 - 0x00007ff9a5135000 	C:\WINDOWS\SYSTEM32\profapi.dll
0x00007ff9994a0000 - 0x00007ff9994b9000 	C:\Program Files\Amazon Corretto\jdk11.0.16_9\bin\net.dll
0x00007ff999890000 - 0x00007ff99999a000 	C:\WINDOWS\SYSTEM32\WINHTTP.dll
0x00007ff9a4850000 - 0x00007ff9a48ba000 	C:\WINDOWS\system32\mswsock.dll
0x00007ff997630000 - 0x00007ff997643000 	C:\Program Files\Amazon Corretto\jdk11.0.16_9\bin\nio.dll
0x00007ff996810000 - 0x00007ff99682a000 	C:\Program Files\JetBrains\IntelliJ IDEA Community Edition 2022.2.3\bin\breakgen64.dll
0x00007ff99efb0000 - 0x00007ff99efb9000 	C:\Program Files\Amazon Corretto\jdk11.0.16_9\bin\management.dll
0x00007ff99e1b0000 - 0x00007ff99e1bb000 	C:\Program Files\Amazon Corretto\jdk11.0.16_9\bin\management_ext.dll
0x00007ff98f410000 - 0x00007ff98f427000 	C:\WINDOWS\system32\napinsp.dll
0x00007ff98d530000 - 0x00007ff98d54b000 	C:\WINDOWS\system32\pnrpnsp.dll
0x00007ff98a3f0000 - 0x00007ff98a405000 	C:\WINDOWS\system32\wshbth.dll
0x00007ff9a0400000 - 0x00007ff9a041d000 	C:\WINDOWS\system32\NLAapi.dll
0x00007ff9a4560000 - 0x00007ff9a459b000 	C:\WINDOWS\SYSTEM32\IPHLPAPI.DLL
0x00007ff9a45a0000 - 0x00007ff9a466a000 	C:\WINDOWS\SYSTEM32\DNSAPI.dll
0x00007ff9a7ab0000 - 0x00007ff9a7ab8000 	C:\WINDOWS\System32\NSI.dll
0x00007ff986530000 - 0x00007ff986542000 	C:\WINDOWS\System32\winrnr.dll
0x00007ff996150000 - 0x00007ff99615a000 	C:\Windows\System32\rasadhlp.dll
0x00007ff9994e0000 - 0x00007ff999562000 	C:\WINDOWS\System32\fwpuclnt.dll
0x00007ff9a5370000 - 0x00007ff9a5397000 	C:\WINDOWS\System32\bcrypt.dll
0x00007ff9a4e30000 - 0x00007ff9a4e48000 	C:\WINDOWS\SYSTEM32\CRYPTSP.dll
0x00007ff9a4180000 - 0x00007ff9a41b4000 	C:\WINDOWS\system32\rsaenh.dll
0x00007ff9a50d0000 - 0x00007ff9a50fe000 	C:\WINDOWS\SYSTEM32\USERENV.dll
0x00007ff9a49e0000 - 0x00007ff9a49ec000 	C:\WINDOWS\SYSTEM32\CRYPTBASE.dll
0x00007ff9999a0000 - 0x00007ff9999b7000 	C:\WINDOWS\SYSTEM32\dhcpcsvc6.DLL
0x00007ff999640000 - 0x00007ff99965d000 	C:\WINDOWS\SYSTEM32\dhcpcsvc.DLL
0x00007ff996800000 - 0x00007ff99680e000 	C:\Program Files\Amazon Corretto\jdk11.0.16_9\bin\sunmscapi.dll
0x00007ff9a5210000 - 0x00007ff9a536e000 	C:\WINDOWS\System32\CRYPT32.dll
0x00007ff9a4b40000 - 0x00007ff9a4b68000 	C:\WINDOWS\SYSTEM32\ncrypt.dll
0x00007ff9a4b00000 - 0x00007ff9a4b3b000 	C:\WINDOWS\SYSTEM32\NTASN1.dll
0x00007ff9967d0000 - 0x00007ff9967f5000 	C:\Program Files\Amazon Corretto\jdk11.0.16_9\bin\sunec.dll

dbghelp: loaded successfully - version: 4.0.5 - missing functions: none
symbol engine: initialized successfully - sym options: 0x614 - pdb path: .;C:\Program Files\Amazon Corretto\jdk11.0.16_9\bin;C:\WINDOWS\SYSTEM32;C:\WINDOWS\WinSxS\amd64_microsoft.windows.common-controls_6595b64144ccf1df_6.0.19041.1110_none_60b5254171f9507e;C:\Program Files\Amazon Corretto\jdk11.0.16_9\bin\server;C:\Program Files\JetBrains\IntelliJ IDEA Community Edition 2022.2.3\bin

VM Arguments:
jvm_args: -javaagent:C:\Program Files\JetBrains\IntelliJ IDEA Community Edition 2022.2.3\lib\idea_rt.jar=53566:C:\Program Files\JetBrains\IntelliJ IDEA Community Edition 2022.2.3\bin -Dfile.encoding=UTF-8 
java_command: ru.practicum.ewm.EwmServiceApplication
java_class_path (initial): C:\Users\Sergei\dev\java-explore-with-me\ewm-service\target\classes;C:\Users\Sergei\.m2\repository\org\springframework\boot\spring-boot-starter-actuator\2.7.5\spring-boot-starter-actuator-2.7.5.jar;C:\Users\Sergei\.m2\repository\org\springframework\boot\spring-boot-starter\2.7.5\spring-boot-starter-2.7.5.jar;C:\Users\Sergei\.m2\repository\org\springframework\boot\spring-boot\2.7.5\spring-boot-2.7.5.jar;C:\Users\Sergei\.m2\repository\org\springframework\boot\spring-boot-autoconfigure\2.7.5\spring-boot-autoconfigure-2.7.5.jar;C:\Users\Sergei\.m2\repository\org\springframework\boot\spring-boot-starter-logging\2.7.5\spring-boot-starter-logging-2.7.5.jar;C:\Users\Sergei\.m2\repository\ch\qos\logback\logback-classic\1.2.11\logback-classic-1.2.11.jar;C:\Users\Sergei\.m2\repository\ch\qos\logback\logback-core\1.2.11\logback-core-1.2.11.jar;C:\Users\Sergei\.m2\repository\org\apache\logging\log4j\log4j-to-slf4j\2.17.2\log4j-to-slf4j-2.17.2.jar;C:\Users\Sergei\.m2\repository\org\apache\logging\log4j\log4j-api\2.17.2\log4j-api-2.17.2.jar;C:\Users\Sergei\.m2\repository\org\slf4j\jul-to-slf4j\1.7.36\jul-to-slf4j-1.7.36.jar;C:\Users\Sergei\.m2\repository\jakarta\annotation\jakarta.annotation-api\1.3.5\jakarta.annotation-api-1.3.5.jar;C:\Users\Sergei\.m2\repository\org\yaml\snakeyaml\1.30\snakeyaml-1.30.jar;C:\Users\Sergei\.m2\repository\org\springframework\boot\spring-boot-actuator-autoconfigure\2.7.5\spring-boot-actuator-autoconfigure-2.7.5.jar;C:\Users\Sergei\.m2\repository\org\springframework\boot\spring-boot-actuator\2.7.5\spring-boot-actuator-2.7.5.jar;C:\Users\Sergei\.m2\repository\com\fasterxml\jackson\datatype\jackson-datatype-jsr310\2.13.4\jackson-datatype-jsr310-2.13.4.jar;C:\Users\Sergei\.m2\repository\io\micrometer\micrometer-core\1.9.5\micrometer-core-1.9.5.jar;C:\Users\Sergei\.m2\repository\org\hdrhistogram\HdrHistogram\2.1.12\HdrHistogram-2.1.12.jar;C:\Users\Sergei\.m2\repository\org\latencyutils\LatencyUtils\2.0.3\LatencyUtils-2.0.3.jar
Launcher Type: SUN_STANDARD

[Global flags]
     intx CICompilerCount                          = 3                                         {product} {ergonomic}
     uint ConcGCThreads                            = 1                                         {product} {ergonomic}
     uint G1ConcRefinementThreads                  = 4                                         {product} {ergonomic}
   size_t G1HeapRegionSize                         = 1048576                                   {product} {ergonomic}
    uintx GCDrainStackTargetSize                   = 64                                        {product} {ergonomic}
   size_t InitialHeapSize                          = 201326592                                 {product} {ergonomic}
   size_t MarkStackSize                            = 4194304                                   {product} {ergonomic}
   size_t MaxHeapSize                              = 3191865344                                {product} {ergonomic}
   size_t MaxNewSize                               = 1914699776                                {product} {ergonomic}
   size_t MinHeapDeltaBytes                        = 1048576                                   {product} {ergonomic}
    uintx NonNMethodCodeHeapSize                   = 5830732                                {pd product} {ergonomic}
    uintx NonProfiledCodeHeapSize                  = 122913754                              {pd product} {ergonomic}
    uintx ProfiledCodeHeapSize                     = 122913754                              {pd product} {ergonomic}
    uintx ReservedCodeCacheSize                    = 251658240                              {pd product} {ergonomic}
     bool SegmentedCodeCache                       = true                                      {product} {ergonomic}
     bool UseCompressedClassPointers               = true                                 {lp64_product} {ergonomic}
     bool UseCompressedOops                        = true                                 {lp64_product} {ergonomic}
     bool UseG1GC                                  = true                                      {product} {ergonomic}
     bool UseLargePagesIndividualAllocation        = false                                  {pd product} {ergonomic}

Logging:
Log output configuration:
 #0: stdout all=warning uptime,level,tags
 #1: stderr all=off uptime,level,tags

Environment Variables:
JAVA_HOME=C:\Program Files\Amazon Corretto\jdk11.0.16_9
PATH=C:\Program Files\Amazon Corretto\jdk11.0.16_9\bin;C:\WINDOWS\system32;C:\WINDOWS;C:\WINDOWS\System32\Wbem;C:\WINDOWS\System32\WindowsPowerShell\v1.0\;C:\WINDOWS\System32\OpenSSH\;C:\Program Files (x86)\dotnet\;C:\Program Files\Git\cmd;C:\Program Files\Amazon Corretto\jdk11.0.16_9\bin;;C:\Program Files\Docker\Docker\resources\bin;C:\Users\Sergei\AppData\Local\Microsoft\WindowsApps;C:\Program Files\JetBrains\PyCharm Community Edition 2022.1.2\bin
USERNAME=Sergei
OS=Windows_NT
PROCESSOR_IDENTIFIER=Intel64 Family 6 Model 69 Stepping 1, GenuineIntel
TMP=C:\Users\Sergei\AppData\Local\Temp
TEMP=C:\Users\Sergei\AppData\Local\Temp



---------------  S Y S T E M  ---------------

OS: Windows 10 , 64 bit Build 19041 (10.0.19041.3393)
OS uptime: 7 days 15:50 hours
Hyper-V role detected

CPU:total 4 (initial active 4) (2 cores per cpu, 2 threads per core) family 6 model 69 stepping 1 microcode 0x25, cmov, cx8, fxsr, mmx, sse, sse2, sse3, ssse3, sse4.1, sse4.2, popcnt, avx, avx2, aes, clmul, erms, lzcnt, ht, tsc, tscinvbit, bmi1, bmi2, fma

Memory: 4k page, system-wide physical 12171M (1913M free)
TotalPageFile size 15871M (AvailPageFile size 33M)
current process WorkingSet (physical memory assigned to process): 330M, peak: 330M
current process commit charge ("private bytes"): 435M, peak: 436M

vm_info: OpenJDK 64-Bit Server VM (11.0.16.1+9-LTS) for windows-amd64 JRE (11.0.16.1+9-LTS), built on Aug 12 2022 20:01:58 by "Administrator" with MS VC++ 15.9 (VS2017)

END.
