#
# There is insufficient memory for the Java Runtime Environment to continue.
# Native memory allocation (malloc) failed to allocate 2112016 bytes for Chunk::new
# Possible reasons:
#   The system is out of physical RAM or swap space
#   The process is running with CompressedOops enabled, and the Java Heap may be blocking the growth of the native heap
# Possible solutions:
#   Reduce memory load on the system
#   Increase physical memory or swap space
#   Check if swap backing store is full
#   Decrease Java heap size (-Xmx/-Xms)
#   Decrease number of Java threads
#   Decrease Java thread stack sizes (-Xss)
#   Set larger code cache with -XX:ReservedCodeCacheSize=
#   JVM is running with Zero Based Compressed Oops mode in which the Java heap is
#     placed in the first 32GB address space. The Java Heap base address is the
#     maximum limit for the native heap growth. Please use -XX:HeapBaseMinAddress
#     to set the Java Heap base and to place the Java Heap above 32GB virtual address.
# This output file may be truncated or incomplete.
#
#  Out of Memory Error (./src/hotspot/share/memory/arena.cpp:197), pid=12484, tid=6268
#
# JRE version: OpenJDK Runtime Environment Corretto-11.0.16.9.1 (11.0.16.1+9) (build 11.0.16.1+9-LTS)
# Java VM: OpenJDK 64-Bit Server VM Corretto-11.0.16.9.1 (11.0.16.1+9-LTS, mixed mode, tiered, compressed oops, g1 gc, windows-amd64)
# No core dump will be written. Minidumps are not enabled by default on client versions of Windows
#

---------------  S U M M A R Y ------------

Command Line: -javaagent:C:\Program Files\JetBrains\IntelliJ IDEA Community Edition 2022.2.3\lib\idea_rt.jar=53914:C:\Program Files\JetBrains\IntelliJ IDEA Community Edition 2022.2.3\bin -Dfile.encoding=UTF-8 ru.practicum.ewm.EwmServiceApplication

Host: Intel(R) Core(TM) i5-4210U CPU @ 1.70GHz, 4 cores, 11G,  Windows 10 , 64 bit Build 19041 (10.0.19041.3393)
Time: Thu Oct 12 20:02:40 2023 RTZ 9 (s 10 , 64 bit Build 19041 (10.0.19041.3393) elapsed time: 19.553163 seconds (0d 0h 0m 19s)

---------------  T H R E A D  ---------------

Current thread (0x00000210f5db2000):  JavaThread "C2 CompilerThread1" daemon [_thread_in_native, id=6268, stack(0x000000e3e2900000,0x000000e3e2a00000)]


Current CompileTask:
C2:  19553 5540       4       org.springframework.core.annotation.TypeMappedAnnotations::get (52 bytes)

Stack: [0x000000e3e2900000,0x000000e3e2a00000]
Native frames: (J=compiled Java code, j=interpreted, Vv=VM code, C=native code)
V  [jvm.dll+0x61f23a]
V  [jvm.dll+0x7ac419]
V  [jvm.dll+0x7adb08]
V  [jvm.dll+0x7ae1e3]
V  [jvm.dll+0x24fa98]
V  [jvm.dll+0xc262c]
V  [jvm.dll+0xc2bec]
V  [jvm.dll+0x359e92]
V  [jvm.dll+0x325e53]
V  [jvm.dll+0x32518a]
V  [jvm.dll+0x208f95]
V  [jvm.dll+0x2080bd]
V  [jvm.dll+0x18a3b1]
V  [jvm.dll+0x217744]
V  [jvm.dll+0x21598b]
V  [jvm.dll+0x76ef20]
V  [jvm.dll+0x767e54]
V  [jvm.dll+0x61e0a5]
C  [ucrtbase.dll+0x21bb2]
C  [KERNEL32.DLL+0x17344]
C  [ntdll.dll+0x526b1]


---------------  P R O C E S S  ---------------

Threads class SMR info:
_java_thread_list=0x00000210f5c7fcf0, length=16, elements={
0x00000210d1726800, 0x00000210f24bf000, 0x00000210f24c9000, 0x00000210f2d44000,
0x00000210f2d45000, 0x00000210f2d46000, 0x00000210f2d4f000, 0x00000210f2d73800,
0x00000210f2d7f000, 0x00000210f2ee5000, 0x00000210f339c800, 0x00000210f7ea8800,
0x00000210f79e4800, 0x00000210f8418800, 0x00000210f8e82800, 0x00000210f5db2000
}

Java Threads: ( => current thread )
  0x00000210d1726800 JavaThread "main" [_thread_in_Java, id=24380, stack(0x000000e3e1900000,0x000000e3e1a00000)]
  0x00000210f24bf000 JavaThread "Reference Handler" daemon [_thread_blocked, id=7640, stack(0x000000e3e2000000,0x000000e3e2100000)]
  0x00000210f24c9000 JavaThread "Finalizer" daemon [_thread_blocked, id=12532, stack(0x000000e3e2100000,0x000000e3e2200000)]
  0x00000210f2d44000 JavaThread "Signal Dispatcher" daemon [_thread_blocked, id=5080, stack(0x000000e3e2200000,0x000000e3e2300000)]
  0x00000210f2d45000 JavaThread "Attach Listener" daemon [_thread_blocked, id=20684, stack(0x000000e3e2300000,0x000000e3e2400000)]
  0x00000210f2d46000 JavaThread "Service Thread" daemon [_thread_blocked, id=15144, stack(0x000000e3e2400000,0x000000e3e2500000)]
  0x00000210f2d4f000 JavaThread "C2 CompilerThread0" daemon [_thread_in_native, id=23824, stack(0x000000e3e2500000,0x000000e3e2600000)]
  0x00000210f2d73800 JavaThread "C1 CompilerThread0" daemon [_thread_blocked, id=3784, stack(0x000000e3e2600000,0x000000e3e2700000)]
  0x00000210f2d7f000 JavaThread "Sweeper thread" daemon [_thread_blocked, id=24592, stack(0x000000e3e2700000,0x000000e3e2800000)]
  0x00000210f2ee5000 JavaThread "Common-Cleaner" daemon [_thread_blocked, id=6368, stack(0x000000e3e2800000,0x000000e3e2900000)]
  0x00000210f339c800 JavaThread "Monitor Ctrl-Break" daemon [_thread_in_native, id=20608, stack(0x000000e3e2a00000,0x000000e3e2b00000)]
  0x00000210f7ea8800 JavaThread "Catalina-utility-1" [_thread_blocked, id=23200, stack(0x000000e3e2f00000,0x000000e3e3000000)]
  0x00000210f79e4800 JavaThread "Catalina-utility-2" [_thread_blocked, id=1040, stack(0x000000e3e3000000,0x000000e3e3100000)]
  0x00000210f8418800 JavaThread "container-0" [_thread_blocked, id=3388, stack(0x000000e3e3100000,0x000000e3e3200000)]
  0x00000210f8e82800 JavaThread "HikariPool-1 housekeeper" daemon [_thread_blocked, id=21468, stack(0x000000e3e3300000,0x000000e3e3400000)]
=>0x00000210f5db2000 JavaThread "C2 CompilerThread1" daemon [_thread_in_native, id=6268, stack(0x000000e3e2900000,0x000000e3e2a00000)]

Other Threads:
  0x00000210f24bc000 VMThread "VM Thread" [stack: 0x000000e3e1f00000,0x000000e3e2000000] [id=24932]
  0x00000210f3070000 WatcherThread [stack: 0x000000e3e2b00000,0x000000e3e2c00000] [id=22836]
  0x00000210d173f800 GCTaskThread "GC Thread#0" [stack: 0x000000e3e1a00000,0x000000e3e1b00000] [id=22692]
  0x00000210f37d3000 GCTaskThread "GC Thread#1" [stack: 0x000000e3e2c00000,0x000000e3e2d00000] [id=19808]
  0x00000210f3b4c000 GCTaskThread "GC Thread#2" [stack: 0x000000e3e2d00000,0x000000e3e2e00000] [id=17448]
  0x00000210f3a46800 GCTaskThread "GC Thread#3" [stack: 0x000000e3e2e00000,0x000000e3e2f00000] [id=7672]
  0x00000210d1784000 ConcurrentGCThread "G1 Main Marker" [stack: 0x000000e3e1b00000,0x000000e3e1c00000] [id=23064]
  0x00000210d1785800 ConcurrentGCThread "G1 Conc#0" [stack: 0x000000e3e1c00000,0x000000e3e1d00000] [id=6484]
  0x00000210d17fd800 ConcurrentGCThread "G1 Refine#0" [stack: 0x000000e3e1d00000,0x000000e3e1e00000] [id=23068]
  0x00000210f2327800 ConcurrentGCThread "G1 Young RemSet Sampling" [stack: 0x000000e3e1e00000,0x000000e3e1f00000] [id=25320]

Threads with active compile tasks:
C2 CompilerThread0    20396 6051   !   4       java.lang.reflect.Executable::declaredAnnotations (85 bytes)
C2 CompilerThread1    20396 5540       4       org.springframework.core.annotation.TypeMappedAnnotations::get (52 bytes)

VM state:not at safepoint (normal execution)

VM Mutex/Monitor currently owned by a thread: None

Heap address: 0x0000000741c00000, size: 3044 MB, Compressed Oops mode: Zero based, Oop shift amount: 3
Narrow klass base: 0x0000000800000000, Narrow klass shift: 0
Compressed class space size: 1073741824 Address: 0x0000000800000000

Heap:
 garbage-first heap   total 236544K, used 141265K [0x0000000741c00000, 0x0000000800000000)
  region size 1024K, 126 young (129024K), 9 survivors (9216K)
 Metaspace       used 70377K, capacity 72329K, committed 72448K, reserved 1112064K
  class space    used 8954K, capacity 9728K, committed 9804K, reserved 1048576K
Heap Regions: E=young(eden), S=young(survivor), O=old, HS=humongous(starts), HC=humongous(continues), CS=collection set, F=free, A=archive, TAMS=top-at-mark-start (previous, next)
|   0|0x0000000741c00000, 0x0000000741d00000, 0x0000000741d00000|100%|HS|  |TAMS 0x0000000741d00000, 0x0000000741c00000| Complete 
|   1|0x0000000741d00000, 0x0000000741e00000, 0x0000000741e00000|100%| O|  |TAMS 0x0000000741e00000, 0x0000000741d00000| Untracked 
|   2|0x0000000741e00000, 0x0000000741f00000, 0x0000000741f00000|100%| O|  |TAMS 0x0000000741f00000, 0x0000000741e00000| Untracked 
|   3|0x0000000741f00000, 0x0000000742000000, 0x0000000742000000|100%| O|  |TAMS 0x0000000742000000, 0x0000000741f00000| Untracked 
|   4|0x0000000742000000, 0x0000000742100000, 0x0000000742100000|100%| O|  |TAMS 0x0000000742100000, 0x0000000742000000| Untracked 
|   5|0x0000000742100000, 0x0000000742200000, 0x0000000742200000|100%| O|  |TAMS 0x0000000742200000, 0x0000000742100000| Untracked 
|   6|0x0000000742200000, 0x0000000742300000, 0x0000000742300000|100%| O|  |TAMS 0x0000000742300000, 0x0000000742200000| Untracked 
|   7|0x0000000742300000, 0x0000000742400000, 0x0000000742400000|100%| O|  |TAMS 0x0000000742400000, 0x0000000742300000| Untracked 
|   8|0x0000000742400000, 0x0000000742500000, 0x0000000742500000|100%| O|  |TAMS 0x0000000742500000, 0x0000000742400000| Untracked 
|   9|0x0000000742500000, 0x0000000742600000, 0x0000000742600000|100%| O|  |TAMS 0x0000000742600000, 0x0000000742500000| Untracked 
|  10|0x0000000742600000, 0x0000000742700000, 0x0000000742700000|100%| O|  |TAMS 0x0000000742700000, 0x0000000742600000| Untracked 
|  11|0x0000000742700000, 0x0000000742800000, 0x0000000742800000|100%| O|  |TAMS 0x0000000742800000, 0x0000000742700000| Untracked 
|  12|0x0000000742800000, 0x00000007428f4400, 0x0000000742900000| 95%| O|  |TAMS 0x00000007428f4400, 0x0000000742800000| Untracked 
|  13|0x0000000742900000, 0x0000000742900000, 0x0000000742a00000|  0%| F|  |TAMS 0x0000000742900000, 0x0000000742900000| Untracked 
|  14|0x0000000742a00000, 0x0000000742a00000, 0x0000000742b00000|  0%| F|  |TAMS 0x0000000742a00000, 0x0000000742a00000| Untracked 
|  15|0x0000000742b00000, 0x0000000742b00000, 0x0000000742c00000|  0%| F|  |TAMS 0x0000000742b00000, 0x0000000742b00000| Untracked 
|  16|0x0000000742c00000, 0x0000000742c00000, 0x0000000742d00000|  0%| F|  |TAMS 0x0000000742c00000, 0x0000000742c00000| Untracked 
|  17|0x0000000742d00000, 0x0000000742d00000, 0x0000000742e00000|  0%| F|  |TAMS 0x0000000742d00000, 0x0000000742d00000| Untracked 
|  18|0x0000000742e00000, 0x0000000742e00000, 0x0000000742f00000|  0%| F|  |TAMS 0x0000000742e00000, 0x0000000742e00000| Untracked 
|  19|0x0000000742f00000, 0x0000000742f00000, 0x0000000743000000|  0%| F|  |TAMS 0x0000000742f00000, 0x0000000742f00000| Untracked 
|  20|0x0000000743000000, 0x0000000743000000, 0x0000000743100000|  0%| F|  |TAMS 0x0000000743000000, 0x0000000743000000| Untracked 
|  21|0x0000000743100000, 0x0000000743100000, 0x0000000743200000|  0%| F|  |TAMS 0x0000000743100000, 0x0000000743100000| Untracked 
|  22|0x0000000743200000, 0x0000000743200000, 0x0000000743300000|  0%| F|  |TAMS 0x0000000743200000, 0x0000000743200000| Untracked 
|  23|0x0000000743300000, 0x0000000743300000, 0x0000000743400000|  0%| F|  |TAMS 0x0000000743300000, 0x0000000743300000| Untracked 
|  24|0x0000000743400000, 0x0000000743400000, 0x0000000743500000|  0%| F|  |TAMS 0x0000000743400000, 0x0000000743400000| Untracked 
|  25|0x0000000743500000, 0x0000000743500000, 0x0000000743600000|  0%| F|  |TAMS 0x0000000743500000, 0x0000000743500000| Untracked 
|  26|0x0000000743600000, 0x0000000743600000, 0x0000000743700000|  0%| F|  |TAMS 0x0000000743600000, 0x0000000743600000| Untracked 
|  27|0x0000000743700000, 0x0000000743700000, 0x0000000743800000|  0%| F|  |TAMS 0x0000000743700000, 0x0000000743700000| Untracked 
|  28|0x0000000743800000, 0x0000000743800000, 0x0000000743900000|  0%| F|  |TAMS 0x0000000743800000, 0x0000000743800000| Untracked 
|  29|0x0000000743900000, 0x0000000743900000, 0x0000000743a00000|  0%| F|  |TAMS 0x0000000743900000, 0x0000000743900000| Untracked 
|  30|0x0000000743a00000, 0x0000000743a00000, 0x0000000743b00000|  0%| F|  |TAMS 0x0000000743a00000, 0x0000000743a00000| Untracked 
|  31|0x0000000743b00000, 0x0000000743b00000, 0x0000000743c00000|  0%| F|  |TAMS 0x0000000743b00000, 0x0000000743b00000| Untracked 
|  32|0x0000000743c00000, 0x0000000743c00000, 0x0000000743d00000|  0%| F|  |TAMS 0x0000000743c00000, 0x0000000743c00000| Untracked 
|  33|0x0000000743d00000, 0x0000000743d00000, 0x0000000743e00000|  0%| F|  |TAMS 0x0000000743d00000, 0x0000000743d00000| Untracked 
|  34|0x0000000743e00000, 0x0000000743e00000, 0x0000000743f00000|  0%| F|  |TAMS 0x0000000743e00000, 0x0000000743e00000| Untracked 
|  35|0x0000000743f00000, 0x0000000743f00000, 0x0000000744000000|  0%| F|  |TAMS 0x0000000743f00000, 0x0000000743f00000| Untracked 
|  36|0x0000000744000000, 0x0000000744000000, 0x0000000744100000|  0%| F|  |TAMS 0x0000000744000000, 0x0000000744000000| Untracked 
|  37|0x0000000744100000, 0x0000000744100000, 0x0000000744200000|  0%| F|  |TAMS 0x0000000744100000, 0x0000000744100000| Untracked 
|  38|0x0000000744200000, 0x0000000744200000, 0x0000000744300000|  0%| F|  |TAMS 0x0000000744200000, 0x0000000744200000| Untracked 
|  39|0x0000000744300000, 0x0000000744300000, 0x0000000744400000|  0%| F|  |TAMS 0x0000000744300000, 0x0000000744300000| Untracked 
|  40|0x0000000744400000, 0x0000000744400000, 0x0000000744500000|  0%| F|  |TAMS 0x0000000744400000, 0x0000000744400000| Untracked 
|  41|0x0000000744500000, 0x0000000744500000, 0x0000000744600000|  0%| F|  |TAMS 0x0000000744500000, 0x0000000744500000| Untracked 
|  42|0x0000000744600000, 0x0000000744600000, 0x0000000744700000|  0%| F|  |TAMS 0x0000000744600000, 0x0000000744600000| Untracked 
|  43|0x0000000744700000, 0x0000000744700000, 0x0000000744800000|  0%| F|  |TAMS 0x0000000744700000, 0x0000000744700000| Untracked 
|  44|0x0000000744800000, 0x0000000744800000, 0x0000000744900000|  0%| F|  |TAMS 0x0000000744800000, 0x0000000744800000| Untracked 
|  45|0x0000000744900000, 0x0000000744900000, 0x0000000744a00000|  0%| F|  |TAMS 0x0000000744900000, 0x0000000744900000| Untracked 
|  46|0x0000000744a00000, 0x0000000744a00000, 0x0000000744b00000|  0%| F|  |TAMS 0x0000000744a00000, 0x0000000744a00000| Untracked 
|  47|0x0000000744b00000, 0x0000000744b00000, 0x0000000744c00000|  0%| F|  |TAMS 0x0000000744b00000, 0x0000000744b00000| Untracked 
|  48|0x0000000744c00000, 0x0000000744c00000, 0x0000000744d00000|  0%| F|  |TAMS 0x0000000744c00000, 0x0000000744c00000| Untracked 
|  49|0x0000000744d00000, 0x0000000744d00000, 0x0000000744e00000|  0%| F|  |TAMS 0x0000000744d00000, 0x0000000744d00000| Untracked 
|  50|0x0000000744e00000, 0x0000000744e00000, 0x0000000744f00000|  0%| F|  |TAMS 0x0000000744e00000, 0x0000000744e00000| Untracked 
|  51|0x0000000744f00000, 0x0000000744f00000, 0x0000000745000000|  0%| F|  |TAMS 0x0000000744f00000, 0x0000000744f00000| Untracked 
|  52|0x0000000745000000, 0x0000000745000000, 0x0000000745100000|  0%| F|  |TAMS 0x0000000745000000, 0x0000000745000000| Untracked 
|  53|0x0000000745100000, 0x0000000745100000, 0x0000000745200000|  0%| F|  |TAMS 0x0000000745100000, 0x0000000745100000| Untracked 
|  54|0x0000000745200000, 0x0000000745200000, 0x0000000745300000|  0%| F|  |TAMS 0x0000000745200000, 0x0000000745200000| Untracked 
|  55|0x0000000745300000, 0x0000000745300000, 0x0000000745400000|  0%| F|  |TAMS 0x0000000745300000, 0x0000000745300000| Untracked 
|  56|0x0000000745400000, 0x0000000745400000, 0x0000000745500000|  0%| F|  |TAMS 0x0000000745400000, 0x0000000745400000| Untracked 
|  57|0x0000000745500000, 0x0000000745500000, 0x0000000745600000|  0%| F|  |TAMS 0x0000000745500000, 0x0000000745500000| Untracked 
|  58|0x0000000745600000, 0x0000000745600000, 0x0000000745700000|  0%| F|  |TAMS 0x0000000745600000, 0x0000000745600000| Untracked 
|  59|0x0000000745700000, 0x0000000745700000, 0x0000000745800000|  0%| F|  |TAMS 0x0000000745700000, 0x0000000745700000| Untracked 
|  60|0x0000000745800000, 0x0000000745800000, 0x0000000745900000|  0%| F|  |TAMS 0x0000000745800000, 0x0000000745800000| Untracked 
|  61|0x0000000745900000, 0x0000000745900000, 0x0000000745a00000|  0%| F|  |TAMS 0x0000000745900000, 0x0000000745900000| Untracked 
|  62|0x0000000745a00000, 0x0000000745a00000, 0x0000000745b00000|  0%| F|  |TAMS 0x0000000745a00000, 0x0000000745a00000| Untracked 
|  63|0x0000000745b00000, 0x0000000745b00000, 0x0000000745c00000|  0%| F|  |TAMS 0x0000000745b00000, 0x0000000745b00000| Untracked 
|  64|0x0000000745c00000, 0x0000000745c00000, 0x0000000745d00000|  0%| F|  |TAMS 0x0000000745c00000, 0x0000000745c00000| Untracked 
|  65|0x0000000745d00000, 0x0000000745d00000, 0x0000000745e00000|  0%| F|  |TAMS 0x0000000745d00000, 0x0000000745d00000| Untracked 
|  66|0x0000000745e00000, 0x0000000745e00000, 0x0000000745f00000|  0%| F|  |TAMS 0x0000000745e00000, 0x0000000745e00000| Untracked 
|  67|0x0000000745f00000, 0x0000000745f00000, 0x0000000746000000|  0%| F|  |TAMS 0x0000000745f00000, 0x0000000745f00000| Untracked 
|  68|0x0000000746000000, 0x0000000746000000, 0x0000000746100000|  0%| F|  |TAMS 0x0000000746000000, 0x0000000746000000| Untracked 
|  69|0x0000000746100000, 0x0000000746100000, 0x0000000746200000|  0%| F|  |TAMS 0x0000000746100000, 0x0000000746100000| Untracked 
|  70|0x0000000746200000, 0x0000000746200000, 0x0000000746300000|  0%| F|  |TAMS 0x0000000746200000, 0x0000000746200000| Untracked 
|  71|0x0000000746300000, 0x0000000746300000, 0x0000000746400000|  0%| F|  |TAMS 0x0000000746300000, 0x0000000746300000| Untracked 
|  72|0x0000000746400000, 0x0000000746400000, 0x0000000746500000|  0%| F|  |TAMS 0x0000000746400000, 0x0000000746400000| Untracked 
|  73|0x0000000746500000, 0x0000000746500000, 0x0000000746600000|  0%| F|  |TAMS 0x0000000746500000, 0x0000000746500000| Untracked 
|  74|0x0000000746600000, 0x0000000746600000, 0x0000000746700000|  0%| F|  |TAMS 0x0000000746600000, 0x0000000746600000| Untracked 
|  75|0x0000000746700000, 0x0000000746700000, 0x0000000746800000|  0%| F|  |TAMS 0x0000000746700000, 0x0000000746700000| Untracked 
|  76|0x0000000746800000, 0x0000000746800000, 0x0000000746900000|  0%| F|  |TAMS 0x0000000746800000, 0x0000000746800000| Untracked 
|  77|0x0000000746900000, 0x0000000746900000, 0x0000000746a00000|  0%| F|  |TAMS 0x0000000746900000, 0x0000000746900000| Untracked 
|  78|0x0000000746a00000, 0x0000000746a00000, 0x0000000746b00000|  0%| F|  |TAMS 0x0000000746a00000, 0x0000000746a00000| Untracked 
|  79|0x0000000746b00000, 0x0000000746b00000, 0x0000000746c00000|  0%| F|  |TAMS 0x0000000746b00000, 0x0000000746b00000| Untracked 
|  80|0x0000000746c00000, 0x0000000746c00000, 0x0000000746d00000|  0%| F|  |TAMS 0x0000000746c00000, 0x0000000746c00000| Untracked 
|  81|0x0000000746d00000, 0x0000000746d00000, 0x0000000746e00000|  0%| F|  |TAMS 0x0000000746d00000, 0x0000000746d00000| Untracked 
|  82|0x0000000746e00000, 0x0000000746e00000, 0x0000000746f00000|  0%| F|  |TAMS 0x0000000746e00000, 0x0000000746e00000| Untracked 
|  83|0x0000000746f00000, 0x0000000746f00000, 0x0000000747000000|  0%| F|  |TAMS 0x0000000746f00000, 0x0000000746f00000| Untracked 
|  84|0x0000000747000000, 0x0000000747000000, 0x0000000747100000|  0%| F|  |TAMS 0x0000000747000000, 0x0000000747000000| Untracked 
|  85|0x0000000747100000, 0x0000000747100000, 0x0000000747200000|  0%| F|  |TAMS 0x0000000747100000, 0x0000000747100000| Untracked 
|  86|0x0000000747200000, 0x0000000747200000, 0x0000000747300000|  0%| F|  |TAMS 0x0000000747200000, 0x0000000747200000| Untracked 
|  87|0x0000000747300000, 0x0000000747300000, 0x0000000747400000|  0%| F|  |TAMS 0x0000000747300000, 0x0000000747300000| Untracked 
|  88|0x0000000747400000, 0x0000000747400000, 0x0000000747500000|  0%| F|  |TAMS 0x0000000747400000, 0x0000000747400000| Untracked 
|  89|0x0000000747500000, 0x0000000747500000, 0x0000000747600000|  0%| F|  |TAMS 0x0000000747500000, 0x0000000747500000| Untracked 
|  90|0x0000000747600000, 0x0000000747600000, 0x0000000747700000|  0%| F|  |TAMS 0x0000000747600000, 0x0000000747600000| Untracked 
|  91|0x0000000747700000, 0x0000000747700000, 0x0000000747800000|  0%| F|  |TAMS 0x0000000747700000, 0x0000000747700000| Untracked 
|  92|0x0000000747800000, 0x0000000747800000, 0x0000000747900000|  0%| F|  |TAMS 0x0000000747800000, 0x0000000747800000| Untracked 
|  93|0x0000000747900000, 0x0000000747900000, 0x0000000747a00000|  0%| F|  |TAMS 0x0000000747900000, 0x0000000747900000| Untracked 
|  94|0x0000000747a00000, 0x0000000747a00000, 0x0000000747b00000|  0%| F|  |TAMS 0x0000000747a00000, 0x0000000747a00000| Untracked 
|  95|0x0000000747b00000, 0x0000000747b00000, 0x0000000747c00000|  0%| F|  |TAMS 0x0000000747b00000, 0x0000000747b00000| Untracked 
|  96|0x0000000747c00000, 0x0000000747c00000, 0x0000000747d00000|  0%| F|  |TAMS 0x0000000747c00000, 0x0000000747c00000| Untracked 
|  97|0x0000000747d00000, 0x0000000747d00000, 0x0000000747e00000|  0%| F|  |TAMS 0x0000000747d00000, 0x0000000747d00000| Untracked 
|  98|0x0000000747e00000, 0x0000000747e00000, 0x0000000747f00000|  0%| F|  |TAMS 0x0000000747e00000, 0x0000000747e00000| Untracked 
|  99|0x0000000747f00000, 0x0000000747f00000, 0x0000000748000000|  0%| F|  |TAMS 0x0000000747f00000, 0x0000000747f00000| Untracked 
| 100|0x0000000748000000, 0x0000000748000000, 0x0000000748100000|  0%| F|  |TAMS 0x0000000748000000, 0x0000000748000000| Untracked 
| 101|0x0000000748100000, 0x0000000748100000, 0x0000000748200000|  0%| F|  |TAMS 0x0000000748100000, 0x0000000748100000| Untracked 
| 102|0x0000000748200000, 0x0000000748200000, 0x0000000748300000|  0%| F|  |TAMS 0x0000000748200000, 0x0000000748200000| Untracked 
| 103|0x0000000748300000, 0x0000000748300000, 0x0000000748400000|  0%| F|  |TAMS 0x0000000748300000, 0x0000000748300000| Untracked 
| 104|0x0000000748400000, 0x0000000748400000, 0x0000000748500000|  0%| F|  |TAMS 0x0000000748400000, 0x0000000748400000| Untracked 
| 105|0x0000000748500000, 0x0000000748600000, 0x0000000748600000|100%| E|  |TAMS 0x0000000748500000, 0x0000000748500000| Complete 
| 106|0x0000000748600000, 0x0000000748700000, 0x0000000748700000|100%| E|CS|TAMS 0x0000000748600000, 0x0000000748600000| Complete 
| 107|0x0000000748700000, 0x0000000748800000, 0x0000000748800000|100%| E|CS|TAMS 0x0000000748700000, 0x0000000748700000| Complete 
| 108|0x0000000748800000, 0x0000000748900000, 0x0000000748900000|100%| E|CS|TAMS 0x0000000748800000, 0x0000000748800000| Complete 
| 109|0x0000000748900000, 0x0000000748a00000, 0x0000000748a00000|100%| E|CS|TAMS 0x0000000748900000, 0x0000000748900000| Complete 
| 110|0x0000000748a00000, 0x0000000748b00000, 0x0000000748b00000|100%| E|CS|TAMS 0x0000000748a00000, 0x0000000748a00000| Complete 
| 111|0x0000000748b00000, 0x0000000748c00000, 0x0000000748c00000|100%| E|CS|TAMS 0x0000000748b00000, 0x0000000748b00000| Complete 
| 112|0x0000000748c00000, 0x0000000748d00000, 0x0000000748d00000|100%| E|CS|TAMS 0x0000000748c00000, 0x0000000748c00000| Complete 
| 113|0x0000000748d00000, 0x0000000748e00000, 0x0000000748e00000|100%| E|CS|TAMS 0x0000000748d00000, 0x0000000748d00000| Complete 
| 114|0x0000000748e00000, 0x0000000748f00000, 0x0000000748f00000|100%| E|CS|TAMS 0x0000000748e00000, 0x0000000748e00000| Complete 
| 115|0x0000000748f00000, 0x0000000749000000, 0x0000000749000000|100%| E|CS|TAMS 0x0000000748f00000, 0x0000000748f00000| Complete 
| 116|0x0000000749000000, 0x0000000749100000, 0x0000000749100000|100%| E|CS|TAMS 0x0000000749000000, 0x0000000749000000| Complete 
| 117|0x0000000749100000, 0x0000000749200000, 0x0000000749200000|100%| E|CS|TAMS 0x0000000749100000, 0x0000000749100000| Complete 
| 118|0x0000000749200000, 0x0000000749300000, 0x0000000749300000|100%| E|CS|TAMS 0x0000000749200000, 0x0000000749200000| Complete 
| 119|0x0000000749300000, 0x0000000749400000, 0x0000000749400000|100%| E|CS|TAMS 0x0000000749300000, 0x0000000749300000| Complete 
| 120|0x0000000749400000, 0x0000000749500000, 0x0000000749500000|100%| E|CS|TAMS 0x0000000749400000, 0x0000000749400000| Complete 
| 121|0x0000000749500000, 0x0000000749600000, 0x0000000749600000|100%| E|CS|TAMS 0x0000000749500000, 0x0000000749500000| Complete 
| 122|0x0000000749600000, 0x0000000749700000, 0x0000000749700000|100%| E|CS|TAMS 0x0000000749600000, 0x0000000749600000| Complete 
| 123|0x0000000749700000, 0x0000000749800000, 0x0000000749800000|100%| E|CS|TAMS 0x0000000749700000, 0x0000000749700000| Complete 
| 124|0x0000000749800000, 0x0000000749900000, 0x0000000749900000|100%| E|CS|TAMS 0x0000000749800000, 0x0000000749800000| Complete 
| 125|0x0000000749900000, 0x0000000749a00000, 0x0000000749a00000|100%| E|CS|TAMS 0x0000000749900000, 0x0000000749900000| Complete 
| 126|0x0000000749a00000, 0x0000000749b00000, 0x0000000749b00000|100%| E|CS|TAMS 0x0000000749a00000, 0x0000000749a00000| Complete 
| 127|0x0000000749b00000, 0x0000000749c00000, 0x0000000749c00000|100%| E|CS|TAMS 0x0000000749b00000, 0x0000000749b00000| Complete 
| 128|0x0000000749c00000, 0x0000000749d00000, 0x0000000749d00000|100%| E|CS|TAMS 0x0000000749c00000, 0x0000000749c00000| Complete 
| 129|0x0000000749d00000, 0x0000000749e00000, 0x0000000749e00000|100%| E|CS|TAMS 0x0000000749d00000, 0x0000000749d00000| Complete 
| 130|0x0000000749e00000, 0x0000000749f00000, 0x0000000749f00000|100%| E|CS|TAMS 0x0000000749e00000, 0x0000000749e00000| Complete 
| 131|0x0000000749f00000, 0x000000074a000000, 0x000000074a000000|100%| E|CS|TAMS 0x0000000749f00000, 0x0000000749f00000| Complete 
| 132|0x000000074a000000, 0x000000074a100000, 0x000000074a100000|100%| E|CS|TAMS 0x000000074a000000, 0x000000074a000000| Complete 
| 133|0x000000074a100000, 0x000000074a200000, 0x000000074a200000|100%| E|CS|TAMS 0x000000074a100000, 0x000000074a100000| Complete 
| 134|0x000000074a200000, 0x000000074a300000, 0x000000074a300000|100%| E|CS|TAMS 0x000000074a200000, 0x000000074a200000| Complete 
| 135|0x000000074a300000, 0x000000074a400000, 0x000000074a400000|100%| E|CS|TAMS 0x000000074a300000, 0x000000074a300000| Complete 
| 136|0x000000074a400000, 0x000000074a500000, 0x000000074a500000|100%| E|CS|TAMS 0x000000074a400000, 0x000000074a400000| Complete 
| 137|0x000000074a500000, 0x000000074a600000, 0x000000074a600000|100%| E|CS|TAMS 0x000000074a500000, 0x000000074a500000| Complete 
| 138|0x000000074a600000, 0x000000074a700000, 0x000000074a700000|100%| E|CS|TAMS 0x000000074a600000, 0x000000074a600000| Complete 
| 139|0x000000074a700000, 0x000000074a800000, 0x000000074a800000|100%| E|CS|TAMS 0x000000074a700000, 0x000000074a700000| Complete 
| 140|0x000000074a800000, 0x000000074a900000, 0x000000074a900000|100%| E|CS|TAMS 0x000000074a800000, 0x000000074a800000| Complete 
| 141|0x000000074a900000, 0x000000074aa00000, 0x000000074aa00000|100%| E|CS|TAMS 0x000000074a900000, 0x000000074a900000| Complete 
| 142|0x000000074aa00000, 0x000000074ab00000, 0x000000074ab00000|100%| E|CS|TAMS 0x000000074aa00000, 0x000000074aa00000| Complete 
| 143|0x000000074ab00000, 0x000000074ac00000, 0x000000074ac00000|100%| E|CS|TAMS 0x000000074ab00000, 0x000000074ab00000| Complete 
| 144|0x000000074ac00000, 0x000000074ad00000, 0x000000074ad00000|100%| E|CS|TAMS 0x000000074ac00000, 0x000000074ac00000| Complete 
| 145|0x000000074ad00000, 0x000000074ae00000, 0x000000074ae00000|100%| E|CS|TAMS 0x000000074ad00000, 0x000000074ad00000| Complete 
| 146|0x000000074ae00000, 0x000000074af00000, 0x000000074af00000|100%| E|CS|TAMS 0x000000074ae00000, 0x000000074ae00000| Complete 
| 147|0x000000074af00000, 0x000000074b000000, 0x000000074b000000|100%| E|CS|TAMS 0x000000074af00000, 0x000000074af00000| Complete 
| 148|0x000000074b000000, 0x000000074b100000, 0x000000074b100000|100%| E|CS|TAMS 0x000000074b000000, 0x000000074b000000| Complete 
| 149|0x000000074b100000, 0x000000074b200000, 0x000000074b200000|100%| E|CS|TAMS 0x000000074b100000, 0x000000074b100000| Complete 
| 150|0x000000074b200000, 0x000000074b300000, 0x000000074b300000|100%| E|CS|TAMS 0x000000074b200000, 0x000000074b200000| Complete 
| 151|0x000000074b300000, 0x000000074b400000, 0x000000074b400000|100%| E|CS|TAMS 0x000000074b300000, 0x000000074b300000| Complete 
| 152|0x000000074b400000, 0x000000074b500000, 0x000000074b500000|100%| E|CS|TAMS 0x000000074b400000, 0x000000074b400000| Complete 
| 153|0x000000074b500000, 0x000000074b600000, 0x000000074b600000|100%| E|CS|TAMS 0x000000074b500000, 0x000000074b500000| Complete 
| 154|0x000000074b600000, 0x000000074b700000, 0x000000074b700000|100%| E|CS|TAMS 0x000000074b600000, 0x000000074b600000| Complete 
| 155|0x000000074b700000, 0x000000074b800000, 0x000000074b800000|100%| E|CS|TAMS 0x000000074b700000, 0x000000074b700000| Complete 
| 156|0x000000074b800000, 0x000000074b900000, 0x000000074b900000|100%| E|CS|TAMS 0x000000074b800000, 0x000000074b800000| Complete 
| 157|0x000000074b900000, 0x000000074ba00000, 0x000000074ba00000|100%| E|CS|TAMS 0x000000074b900000, 0x000000074b900000| Complete 
| 158|0x000000074ba00000, 0x000000074bb00000, 0x000000074bb00000|100%| E|CS|TAMS 0x000000074ba00000, 0x000000074ba00000| Complete 
| 159|0x000000074bb00000, 0x000000074bc00000, 0x000000074bc00000|100%| E|CS|TAMS 0x000000074bb00000, 0x000000074bb00000| Complete 
| 160|0x000000074bc00000, 0x000000074bd00000, 0x000000074bd00000|100%| E|CS|TAMS 0x000000074bc00000, 0x000000074bc00000| Complete 
| 161|0x000000074bd00000, 0x000000074be00000, 0x000000074be00000|100%| E|CS|TAMS 0x000000074bd00000, 0x000000074bd00000| Complete 
| 162|0x000000074be00000, 0x000000074bf00000, 0x000000074bf00000|100%| E|CS|TAMS 0x000000074be00000, 0x000000074be00000| Complete 
| 163|0x000000074bf00000, 0x000000074c000000, 0x000000074c000000|100%| E|CS|TAMS 0x000000074bf00000, 0x000000074bf00000| Complete 
| 164|0x000000074c000000, 0x000000074c100000, 0x000000074c100000|100%| E|CS|TAMS 0x000000074c000000, 0x000000074c000000| Complete 
| 165|0x000000074c100000, 0x000000074c200000, 0x000000074c200000|100%| E|CS|TAMS 0x000000074c100000, 0x000000074c100000| Complete 
| 166|0x000000074c200000, 0x000000074c300000, 0x000000074c300000|100%| E|CS|TAMS 0x000000074c200000, 0x000000074c200000| Complete 
| 167|0x000000074c300000, 0x000000074c400000, 0x000000074c400000|100%| E|CS|TAMS 0x000000074c300000, 0x000000074c300000| Complete 
| 168|0x000000074c400000, 0x000000074c500000, 0x000000074c500000|100%| E|CS|TAMS 0x000000074c400000, 0x000000074c400000| Complete 
| 169|0x000000074c500000, 0x000000074c600000, 0x000000074c600000|100%| E|CS|TAMS 0x000000074c500000, 0x000000074c500000| Complete 
| 170|0x000000074c600000, 0x000000074c700000, 0x000000074c700000|100%| E|CS|TAMS 0x000000074c600000, 0x000000074c600000| Complete 
| 171|0x000000074c700000, 0x000000074c800000, 0x000000074c800000|100%| E|CS|TAMS 0x000000074c700000, 0x000000074c700000| Complete 
| 172|0x000000074c800000, 0x000000074c900000, 0x000000074c900000|100%| E|CS|TAMS 0x000000074c800000, 0x000000074c800000| Complete 
| 173|0x000000074c900000, 0x000000074ca00000, 0x000000074ca00000|100%| E|CS|TAMS 0x000000074c900000, 0x000000074c900000| Complete 
| 174|0x000000074ca00000, 0x000000074cb00000, 0x000000074cb00000|100%| E|CS|TAMS 0x000000074ca00000, 0x000000074ca00000| Complete 
| 175|0x000000074cb00000, 0x000000074cc00000, 0x000000074cc00000|100%| E|CS|TAMS 0x000000074cb00000, 0x000000074cb00000| Complete 
| 176|0x000000074cc00000, 0x000000074cd00000, 0x000000074cd00000|100%| E|CS|TAMS 0x000000074cc00000, 0x000000074cc00000| Complete 
| 177|0x000000074cd00000, 0x000000074ce00000, 0x000000074ce00000|100%| E|CS|TAMS 0x000000074cd00000, 0x000000074cd00000| Complete 
| 178|0x000000074ce00000, 0x000000074cf00000, 0x000000074cf00000|100%| E|CS|TAMS 0x000000074ce00000, 0x000000074ce00000| Complete 
| 179|0x000000074cf00000, 0x000000074d000000, 0x000000074d000000|100%| E|CS|TAMS 0x000000074cf00000, 0x000000074cf00000| Complete 
| 180|0x000000074d000000, 0x000000074d100000, 0x000000074d100000|100%| E|CS|TAMS 0x000000074d000000, 0x000000074d000000| Complete 
| 181|0x000000074d100000, 0x000000074d200000, 0x000000074d200000|100%| E|CS|TAMS 0x000000074d100000, 0x000000074d100000| Complete 
| 182|0x000000074d200000, 0x000000074d300000, 0x000000074d300000|100%| E|CS|TAMS 0x000000074d200000, 0x000000074d200000| Complete 
| 183|0x000000074d300000, 0x000000074d400000, 0x000000074d400000|100%| E|CS|TAMS 0x000000074d300000, 0x000000074d300000| Complete 
| 184|0x000000074d400000, 0x000000074d500000, 0x000000074d500000|100%| E|CS|TAMS 0x000000074d400000, 0x000000074d400000| Complete 
| 185|0x000000074d500000, 0x000000074d600000, 0x000000074d600000|100%| E|CS|TAMS 0x000000074d500000, 0x000000074d500000| Complete 
| 186|0x000000074d600000, 0x000000074d700000, 0x000000074d700000|100%| E|CS|TAMS 0x000000074d600000, 0x000000074d600000| Complete 
| 187|0x000000074d700000, 0x000000074d800000, 0x000000074d800000|100%| E|CS|TAMS 0x000000074d700000, 0x000000074d700000| Complete 
| 188|0x000000074d800000, 0x000000074d900000, 0x000000074d900000|100%| E|CS|TAMS 0x000000074d800000, 0x000000074d800000| Complete 
| 189|0x000000074d900000, 0x000000074da00000, 0x000000074da00000|100%| E|CS|TAMS 0x000000074d900000, 0x000000074d900000| Complete 
| 190|0x000000074da00000, 0x000000074db00000, 0x000000074db00000|100%| E|CS|TAMS 0x000000074da00000, 0x000000074da00000| Complete 
| 191|0x000000074db00000, 0x000000074dc00000, 0x000000074dc00000|100%| E|CS|TAMS 0x000000074db00000, 0x000000074db00000| Complete 
| 192|0x000000074dc00000, 0x000000074dd00000, 0x000000074dd00000|100%| E|CS|TAMS 0x000000074dc00000, 0x000000074dc00000| Complete 
| 193|0x000000074dd00000, 0x000000074de00000, 0x000000074de00000|100%| E|CS|TAMS 0x000000074dd00000, 0x000000074dd00000| Complete 
| 194|0x000000074de00000, 0x000000074df00000, 0x000000074df00000|100%| E|CS|TAMS 0x000000074de00000, 0x000000074de00000| Complete 
| 195|0x000000074df00000, 0x000000074e000000, 0x000000074e000000|100%| S|CS|TAMS 0x000000074df00000, 0x000000074df00000| Complete 
| 196|0x000000074e000000, 0x000000074e100000, 0x000000074e100000|100%| S|CS|TAMS 0x000000074e000000, 0x000000074e000000| Complete 
| 197|0x000000074e100000, 0x000000074e200000, 0x000000074e200000|100%| S|CS|TAMS 0x000000074e100000, 0x000000074e100000| Complete 
| 198|0x000000074e200000, 0x000000074e300000, 0x000000074e300000|100%| S|CS|TAMS 0x000000074e200000, 0x000000074e200000| Complete 
| 199|0x000000074e300000, 0x000000074e400000, 0x000000074e400000|100%| S|CS|TAMS 0x000000074e300000, 0x000000074e300000| Complete 
| 200|0x000000074e400000, 0x000000074e500000, 0x000000074e500000|100%| S|CS|TAMS 0x000000074e400000, 0x000000074e400000| Complete 
| 201|0x000000074e500000, 0x000000074e600000, 0x000000074e600000|100%| S|CS|TAMS 0x000000074e500000, 0x000000074e500000| Complete 
| 202|0x000000074e600000, 0x000000074e700000, 0x000000074e700000|100%| S|CS|TAMS 0x000000074e600000, 0x000000074e600000| Complete 
| 203|0x000000074e700000, 0x000000074e800000, 0x000000074e800000|100%| S|CS|TAMS 0x000000074e700000, 0x000000074e700000| Complete 
| 204|0x000000074e800000, 0x000000074e900000, 0x000000074e900000|100%| E|CS|TAMS 0x000000074e800000, 0x000000074e800000| Complete 
| 205|0x000000074e900000, 0x000000074ea00000, 0x000000074ea00000|100%| E|CS|TAMS 0x000000074e900000, 0x000000074e900000| Complete 
| 206|0x000000074ea00000, 0x000000074eb00000, 0x000000074eb00000|100%| E|CS|TAMS 0x000000074ea00000, 0x000000074ea00000| Complete 
| 207|0x000000074eb00000, 0x000000074ec00000, 0x000000074ec00000|100%| E|CS|TAMS 0x000000074eb00000, 0x000000074eb00000| Complete 
| 208|0x000000074ec00000, 0x000000074ed00000, 0x000000074ed00000|100%| E|CS|TAMS 0x000000074ec00000, 0x000000074ec00000| Complete 
| 209|0x000000074ed00000, 0x000000074ee00000, 0x000000074ee00000|100%| E|CS|TAMS 0x000000074ed00000, 0x000000074ed00000| Complete 
| 210|0x000000074ee00000, 0x000000074ef00000, 0x000000074ef00000|100%| E|CS|TAMS 0x000000074ee00000, 0x000000074ee00000| Complete 
| 211|0x000000074ef00000, 0x000000074f000000, 0x000000074f000000|100%| E|CS|TAMS 0x000000074ef00000, 0x000000074ef00000| Complete 
| 212|0x000000074f000000, 0x000000074f100000, 0x000000074f100000|100%| E|CS|TAMS 0x000000074f000000, 0x000000074f000000| Complete 
| 213|0x000000074f100000, 0x000000074f200000, 0x000000074f200000|100%| E|CS|TAMS 0x000000074f100000, 0x000000074f100000| Complete 
| 214|0x000000074f200000, 0x000000074f300000, 0x000000074f300000|100%| E|CS|TAMS 0x000000074f200000, 0x000000074f200000| Complete 
| 215|0x000000074f300000, 0x000000074f400000, 0x000000074f400000|100%| E|CS|TAMS 0x000000074f300000, 0x000000074f300000| Complete 
| 216|0x000000074f400000, 0x000000074f500000, 0x000000074f500000|100%| E|CS|TAMS 0x000000074f400000, 0x000000074f400000| Complete 
| 217|0x000000074f500000, 0x000000074f600000, 0x000000074f600000|100%| E|CS|TAMS 0x000000074f500000, 0x000000074f500000| Complete 
| 218|0x000000074f600000, 0x000000074f700000, 0x000000074f700000|100%| E|CS|TAMS 0x000000074f600000, 0x000000074f600000| Complete 
| 219|0x000000074f700000, 0x000000074f800000, 0x000000074f800000|100%| E|CS|TAMS 0x000000074f700000, 0x000000074f700000| Complete 
| 220|0x000000074f800000, 0x000000074f900000, 0x000000074f900000|100%| E|CS|TAMS 0x000000074f800000, 0x000000074f800000| Complete 
| 221|0x000000074f900000, 0x000000074fa00000, 0x000000074fa00000|100%| E|CS|TAMS 0x000000074f900000, 0x000000074f900000| Complete 
| 222|0x000000074fa00000, 0x000000074fb00000, 0x000000074fb00000|100%| E|CS|TAMS 0x000000074fa00000, 0x000000074fa00000| Complete 
| 223|0x000000074fb00000, 0x000000074fc00000, 0x000000074fc00000|100%| E|CS|TAMS 0x000000074fb00000, 0x000000074fb00000| Complete 
| 224|0x000000074fc00000, 0x000000074fd00000, 0x000000074fd00000|100%| E|CS|TAMS 0x000000074fc00000, 0x000000074fc00000| Complete 
| 225|0x000000074fd00000, 0x000000074fe00000, 0x000000074fe00000|100%| E|CS|TAMS 0x000000074fd00000, 0x000000074fd00000| Complete 
| 226|0x000000074fe00000, 0x000000074ff00000, 0x000000074ff00000|100%| E|CS|TAMS 0x000000074fe00000, 0x000000074fe00000| Complete 
| 227|0x000000074ff00000, 0x0000000750000000, 0x0000000750000000|100%| E|CS|TAMS 0x000000074ff00000, 0x000000074ff00000| Complete 
| 228|0x0000000750000000, 0x0000000750100000, 0x0000000750100000|100%| E|CS|TAMS 0x0000000750000000, 0x0000000750000000| Complete 
| 229|0x0000000750100000, 0x0000000750200000, 0x0000000750200000|100%| E|CS|TAMS 0x0000000750100000, 0x0000000750100000| Complete 
| 230|0x0000000750200000, 0x0000000750300000, 0x0000000750300000|100%| E|CS|TAMS 0x0000000750200000, 0x0000000750200000| Complete 

Card table byte_map: [0x00000210e9480000,0x00000210e9a80000] _byte_map_base: 0x00000210e5a72000

Marking Bits (Prev, Next): (CMBitMap*) 0x00000210d17777b0, (CMBitMap*) 0x00000210d1777778
 Prev Bits: [0x00000210ed010000, 0x00000210effa0000)
 Next Bits: [0x00000210ea080000, 0x00000210ed010000)

Polling page: 0x00000210cf740000

Metaspace:

Usage:
  Non-class:     61.17 MB capacity,    60.04 MB ( 98%) used,   915.92 KB (  1%) free+waste,   245.75 KB ( <1%) overhead. 
      Class:      9.52 MB capacity,     8.76 MB ( 92%) used,   664.59 KB (  7%) free+waste,   115.50 KB (  1%) overhead. 
       Both:     70.69 MB capacity,    68.79 MB ( 97%) used,     1.54 MB (  2%) free+waste,   361.25 KB ( <1%) overhead. 

Virtual space:
  Non-class space:       62.00 MB reserved,      61.18 MB ( 99%) committed 
      Class space:        1.00 GB reserved,       9.57 MB ( <1%) committed 
             Both:        1.06 GB reserved,      70.75 MB (  7%) committed 

Chunk freelists:
   Non-Class:  5.00 KB
       Class:  0 bytes
        Both:  5.00 KB

MaxMetaspaceSize: 17179869184.00 GB
CompressedClassSpaceSize: 1.00 GB
Initial GC threshold: 20.80 MB
Current GC threshold: 98.96 MB
CDS: off

CodeHeap 'non-profiled nmethods': size=120064Kb used=3801Kb max_used=3801Kb free=116263Kb
 bounds [0x00000210e1940000, 0x00000210e1d00000, 0x00000210e8e80000]
CodeHeap 'profiled nmethods': size=120000Kb used=13741Kb max_used=13741Kb free=106258Kb
 bounds [0x00000210da410000, 0x00000210db180000, 0x00000210e1940000]
CodeHeap 'non-nmethods': size=5696Kb used=1308Kb max_used=1348Kb free=4387Kb
 bounds [0x00000210d9e80000, 0x00000210da0f0000, 0x00000210da410000]
 total_blobs=6617 nmethods=6013 adapters=516
 compilation: enabled
              stopped_count=0, restarted_count=0
 full_count=0

Compilation events (20 events):
Event: 19.366 Thread 0x00000210f2d73800 5805       1       sun.security.x509.BasicConstraintsExtension::getName (3 bytes)
Event: 19.366 Thread 0x00000210f2d73800 nmethod 5805 0x00000210e1cddd90 code [0x00000210e1cddf40, 0x00000210e1cddff8]
Event: 19.366 Thread 0x00000210f2d73800 5807       1       sun.security.x509.KeyUsageExtension::getName (3 bytes)
Event: 19.366 Thread 0x00000210f2d73800 nmethod 5807 0x00000210e1cde090 code [0x00000210e1cde240, 0x00000210e1cde2f8]
Event: 19.367 Thread 0x00000210f2d73800 5808       3       java.io.DataInputStream::read (11 bytes)
Event: 19.368 Thread 0x00000210f2d73800 nmethod 5808 0x00000210db0f5f10 code [0x00000210db0f60c0, 0x00000210db0f6288]
Event: 19.368 Thread 0x00000210f2d4f000 5809  s    4       java.io.ByteArrayInputStream::skip (43 bytes)
Event: 19.370 Thread 0x00000210f2d4f000 nmethod 5809 0x00000210e1cde390 code [0x00000210e1cde520, 0x00000210e1cde798]
Event: 19.371 Thread 0x00000210f2d73800 5810       3       sun.security.util.BitArray::clone (9 bytes)
Event: 19.371 Thread 0x00000210f2d73800 nmethod 5810 0x00000210db0f6390 code [0x00000210db0f6560, 0x00000210db0f69c8]
Event: 19.371 Thread 0x00000210f2d73800 5811       3       sun.security.util.BitArray::<init> (27 bytes)
Event: 19.372 Thread 0x00000210f2d73800 nmethod 5811 0x00000210db0f6b10 code [0x00000210db0f6ce0, 0x00000210db0f7088]
Event: 19.373 Thread 0x00000210f2d73800 5812       3       java.util.Hashtable$Enumerator::nextElement (111 bytes)
Event: 19.374 Thread 0x00000210f2d73800 nmethod 5812 0x00000210db0f7190 code [0x00000210db0f7380, 0x00000210db0f78c8]
Event: 19.374 Thread 0x00000210f2d73800 5813       3       sun.security.provider.JavaKeyStore$JKS::convertAlias (8 bytes)
Event: 19.374 Thread 0x00000210f2d73800 nmethod 5813 0x00000210db0f7a90 code [0x00000210db0f7c80, 0x00000210db0f7fb8]
Event: 19.374 Thread 0x00000210f2d73800 5814       3       sun.security.x509.X509CertImpl::getEncodedInternal (22 bytes)
Event: 19.375 Thread 0x00000210f2d73800 nmethod 5814 0x00000210db0f8110 code [0x00000210db0f82e0, 0x00000210db0f84a8]
Event: 19.387 Thread 0x00000210f2d4f000 5815       4       java.lang.ClassLoader::checkPackageAccess (102 bytes)
Event: 19.388 Thread 0x00000210f2d4f000 nmethod 5815 0x00000210e1cde890 code [0x00000210e1cdea20, 0x00000210e1cdeab8]

GC Heap History (18 events):
Event: 1.301 GC heap before
{Heap before GC invocations=0 (full 0):
 garbage-first heap   total 196608K, used 14336K [0x0000000741c00000, 0x0000000800000000)
  region size 1024K, 14 young (14336K), 0 survivors (0K)
 Metaspace       used 9891K, capacity 10114K, committed 10240K, reserved 1058816K
  class space    used 873K, capacity 942K, committed 1024K, reserved 1048576K
}
Event: 1.321 GC heap after
{Heap after GC invocations=1 (full 0):
 garbage-first heap   total 196608K, used 6961K [0x0000000741c00000, 0x0000000800000000)
  region size 1024K, 2 young (2048K), 2 survivors (2048K)
 Metaspace       used 9891K, capacity 10114K, committed 10240K, reserved 1058816K
  class space    used 873K, capacity 942K, committed 1024K, reserved 1048576K
}
Event: 1.817 GC heap before
{Heap before GC invocations=1 (full 0):
 garbage-first heap   total 196608K, used 16177K [0x0000000741c00000, 0x0000000800000000)
  region size 1024K, 11 young (11264K), 2 survivors (2048K)
 Metaspace       used 12322K, capacity 12609K, committed 12928K, reserved 1060864K
  class space    used 1193K, capacity 1292K, committed 1408K, reserved 1048576K
}
Event: 1.823 GC heap after
{Heap after GC invocations=2 (full 0):
 garbage-first heap   total 196608K, used 7645K [0x0000000741c00000, 0x0000000800000000)
  region size 1024K, 1 young (1024K), 1 survivors (1024K)
 Metaspace       used 12322K, capacity 12609K, committed 12928K, reserved 1060864K
  class space    used 1193K, capacity 1292K, committed 1408K, reserved 1048576K
}
Event: 2.909 GC heap before
{Heap before GC invocations=2 (full 0):
 garbage-first heap   total 196608K, used 34269K [0x0000000741c00000, 0x0000000800000000)
  region size 1024K, 27 young (27648K), 1 survivors (1024K)
 Metaspace       used 18748K, capacity 19221K, committed 19328K, reserved 1067008K
  class space    used 1998K, capacity 2164K, committed 2176K, reserved 1048576K
}
Event: 2.915 GC heap after
{Heap after GC invocations=3 (full 0):
 garbage-first heap   total 196608K, used 8959K [0x0000000741c00000, 0x0000000800000000)
  region size 1024K, 2 young (2048K), 2 survivors (2048K)
 Metaspace       used 18748K, capacity 19221K, committed 19328K, reserved 1067008K
  class space    used 1998K, capacity 2164K, committed 2176K, reserved 1048576K
}
Event: 3.309 GC heap before
{Heap before GC invocations=3 (full 0):
 garbage-first heap   total 196608K, used 23295K [0x0000000741c00000, 0x0000000800000000)
  region size 1024K, 17 young (17408K), 2 survivors (2048K)
 Metaspace       used 20678K, capacity 21240K, committed 21504K, reserved 1069056K
  class space    used 2282K, capacity 2493K, committed 2560K, reserved 1048576K
}
Event: 3.317 GC heap after
{Heap after GC invocations=4 (full 0):
 garbage-first heap   total 196608K, used 9431K [0x0000000741c00000, 0x0000000800000000)
  region size 1024K, 3 young (3072K), 3 survivors (3072K)
 Metaspace       used 20678K, capacity 21240K, committed 21504K, reserved 1069056K
  class space    used 2282K, capacity 2493K, committed 2560K, reserved 1048576K
}
Event: 4.299 GC heap before
{Heap before GC invocations=5 (full 0):
 garbage-first heap   total 196608K, used 50391K [0x0000000741c00000, 0x0000000800000000)
  region size 1024K, 43 young (44032K), 3 survivors (3072K)
 Metaspace       used 24374K, capacity 24955K, committed 25088K, reserved 1071104K
  class space    used 2810K, capacity 3028K, committed 3072K, reserved 1048576K
}
Event: 4.307 GC heap after
{Heap after GC invocations=6 (full 0):
 garbage-first heap   total 196608K, used 11285K [0x0000000741c00000, 0x0000000800000000)
  region size 1024K, 5 young (5120K), 5 survivors (5120K)
 Metaspace       used 24374K, capacity 24955K, committed 25088K, reserved 1071104K
  class space    used 2810K, capacity 3028K, committed 3072K, reserved 1048576K
}
Event: 6.485 GC heap before
{Heap before GC invocations=6 (full 0):
 garbage-first heap   total 196608K, used 86037K [0x0000000741c00000, 0x0000000800000000)
  region size 1024K, 79 young (80896K), 5 survivors (5120K)
 Metaspace       used 32071K, capacity 32829K, committed 33024K, reserved 1079296K
  class space    used 3717K, capacity 4020K, committed 4096K, reserved 1048576K
}
Event: 6.538 GC heap after
{Heap after GC invocations=7 (full 0):
 garbage-first heap   total 236544K, used 14016K [0x0000000741c00000, 0x0000000800000000)
  region size 1024K, 7 young (7168K), 7 survivors (7168K)
 Metaspace       used 32071K, capacity 32829K, committed 33024K, reserved 1079296K
  class space    used 3717K, capacity 4020K, committed 4096K, reserved 1048576K
}
Event: 7.708 GC heap before
{Heap before GC invocations=7 (full 0):
 garbage-first heap   total 236544K, used 39616K [0x0000000741c00000, 0x0000000800000000)
  region size 1024K, 33 young (33792K), 7 survivors (7168K)
 Metaspace       used 34972K, capacity 35840K, committed 35840K, reserved 1081344K
  class space    used 4119K, capacity 4480K, committed 4480K, reserved 1048576K
}
Event: 7.738 GC heap after
{Heap after GC invocations=8 (full 0):
 garbage-first heap   total 236544K, used 15160K [0x0000000741c00000, 0x0000000800000000)
  region size 1024K, 8 young (8192K), 8 survivors (8192K)
 Metaspace       used 34972K, capacity 35840K, committed 35840K, reserved 1081344K
  class space    used 4119K, capacity 4480K, committed 4480K, reserved 1048576K
}
Event: 15.819 GC heap before
{Heap before GC invocations=9 (full 0):
 garbage-first heap   total 236544K, used 148280K [0x0000000741c00000, 0x0000000800000000)
  region size 1024K, 138 young (141312K), 8 survivors (8192K)
 Metaspace       used 54715K, capacity 56213K, committed 56396K, reserved 1097728K
  class space    used 6852K, capacity 7463K, committed 7500K, reserved 1048576K
}
Event: 15.849 GC heap after
{Heap after GC invocations=10 (full 0):
 garbage-first heap   total 236544K, used 22035K [0x0000000741c00000, 0x0000000800000000)
  region size 1024K, 15 young (15360K), 15 survivors (15360K)
 Metaspace       used 54715K, capacity 56213K, committed 56396K, reserved 1097728K
  class space    used 6852K, capacity 7463K, committed 7500K, reserved 1048576K
}
Event: 16.763 GC heap before
{Heap before GC invocations=10 (full 0):
 garbage-first heap   total 236544K, used 48659K [0x0000000741c00000, 0x0000000800000000)
  region size 1024K, 42 young (43008K), 15 survivors (15360K)
 Metaspace       used 58705K, capacity 60166K, committed 60288K, reserved 1101824K
  class space    used 7465K, capacity 8091K, committed 8140K, reserved 1048576K
}
Event: 16.813 GC heap after
{Heap after GC invocations=11 (full 0):
 garbage-first heap   total 236544K, used 22481K [0x0000000741c00000, 0x0000000800000000)
  region size 1024K, 9 young (9216K), 9 survivors (9216K)
 Metaspace       used 58705K, capacity 60166K, committed 60288K, reserved 1101824K
  class space    used 7465K, capacity 8091K, committed 8140K, reserved 1048576K
}

Deoptimization events (20 events):
Event: 19.063 Thread 0x00000210d1726800 Uncommon trap: trap_request=0xffffff4d fr.pc=0x00000210e1b18fa4 relative=0x0000000000001464
Event: 19.063 Thread 0x00000210d1726800 Uncommon trap: reason=unstable_if action=reinterpret pc=0x00000210e1b18fa4 method=java.util.concurrent.ConcurrentHashMap.putVal(Ljava/lang/Object;Ljava/lang/Object;Z)Ljava/lang/Object; @ 401 c2
Event: 19.063 Thread 0x00000210d1726800 DEOPT PACKING pc=0x00000210e1b18fa4 sp=0x000000e3e19f9430
Event: 19.063 Thread 0x00000210d1726800 DEOPT UNPACKING pc=0x00000210d9eca1af sp=0x000000e3e19f93d0 mode 2
Event: 19.068 Thread 0x00000210d1726800 Uncommon trap: trap_request=0xffffff4d fr.pc=0x00000210e1a1a4c8 relative=0x0000000000001348
Event: 19.069 Thread 0x00000210d1726800 Uncommon trap: reason=unstable_if action=reinterpret pc=0x00000210e1a1a4c8 method=java.util.concurrent.ConcurrentHashMap.transfer([Ljava/util/concurrent/ConcurrentHashMap$Node;[Ljava/util/concurrent/ConcurrentHashMap$Node;)V @ 352 c2
Event: 19.069 Thread 0x00000210d1726800 DEOPT PACKING pc=0x00000210e1a1a4c8 sp=0x000000e3e19f9270
Event: 19.069 Thread 0x00000210d1726800 DEOPT UNPACKING pc=0x00000210d9eca1af sp=0x000000e3e19f9208 mode 2
Event: 19.107 Thread 0x00000210d1726800 Uncommon trap: trap_request=0xffffff4d fr.pc=0x00000210e1ac2fa0 relative=0x0000000000000880
Event: 19.107 Thread 0x00000210d1726800 Uncommon trap: reason=unstable_if action=reinterpret pc=0x00000210e1ac2fa0 method=java.util.StringTokenizer.nextToken()Ljava/lang/String; @ 5 c2
Event: 19.108 Thread 0x00000210d1726800 DEOPT PACKING pc=0x00000210e1ac2fa0 sp=0x000000e3e19f6d70
Event: 19.108 Thread 0x00000210d1726800 DEOPT UNPACKING pc=0x00000210d9eca1af sp=0x000000e3e19f6d40 mode 2
Event: 19.140 Thread 0x00000210d1726800 DEOPT PACKING pc=0x00000210db0704ac sp=0x000000e3e19f55f0
Event: 19.140 Thread 0x00000210d1726800 DEOPT UNPACKING pc=0x00000210d9eca95e sp=0x000000e3e19f4af0 mode 0
Event: 19.290 Thread 0x00000210d1726800 DEOPT PACKING pc=0x00000210db09e4b8 sp=0x000000e3e19f7700
Event: 19.290 Thread 0x00000210d1726800 DEOPT UNPACKING pc=0x00000210d9eca95e sp=0x000000e3e19f6b80 mode 0
Event: 19.292 Thread 0x00000210d1726800 DEOPT PACKING pc=0x00000210db09e4b8 sp=0x000000e3e19f7700
Event: 19.292 Thread 0x00000210d1726800 DEOPT UNPACKING pc=0x00000210d9eca95e sp=0x000000e3e19f6b80 mode 0
Event: 19.295 Thread 0x00000210d1726800 DEOPT PACKING pc=0x00000210db09e4b8 sp=0x000000e3e19f7700
Event: 19.295 Thread 0x00000210d1726800 DEOPT UNPACKING pc=0x00000210d9eca95e sp=0x000000e3e19f6b80 mode 0

Classes redefined (0 events):
No events

Internal exceptions (20 events):
Event: 17.926 Thread 0x00000210d1726800 Exception <a 'java/lang/ClassNotFoundException'{0x000000074d8bcd70}: java/lang/ObjectCustomizer> (0x000000074d8bcd70) thrown at [./src/hotspot/share/classfile/systemDictionary.cpp, line 230]
Event: 17.928 Thread 0x00000210d1726800 Exception <a 'java/lang/ClassNotFoundException'{0x000000074d8d01a0}: ru/practicum/ewm/events/model/EventCustomizer> (0x000000074d8d01a0) thrown at [./src/hotspot/share/classfile/systemDictionary.cpp, line 230]
Event: 17.954 Thread 0x00000210d1726800 Exception <a 'java/lang/ClassNotFoundException'{0x000000074d73f690}: java/lang/ObjectCustomizer> (0x000000074d73f690) thrown at [./src/hotspot/share/classfile/systemDictionary.cpp, line 230]
Event: 17.957 Thread 0x00000210d1726800 Exception <a 'java/lang/ClassNotFoundException'{0x000000074d752920}: ru/practicum/ewm/users/model/UserCustomizer> (0x000000074d752920) thrown at [./src/hotspot/share/classfile/systemDictionary.cpp, line 230]
Event: 17.966 Thread 0x00000210d1726800 Exception <a 'java/lang/ClassNotFoundException'{0x000000074d786918}: java/lang/ObjectCustomizer> (0x000000074d786918) thrown at [./src/hotspot/share/classfile/systemDictionary.cpp, line 230]
Event: 17.968 Thread 0x00000210d1726800 Exception <a 'java/lang/ClassNotFoundException'{0x000000074d79a2f8}: ru/practicum/ewm/events/model/LocationCustomizer> (0x000000074d79a2f8) thrown at [./src/hotspot/share/classfile/systemDictionary.cpp, line 230]
Event: 17.985 Thread 0x00000210d1726800 Exception <a 'java/lang/ClassNotFoundException'{0x000000074d7eea58}: java/lang/ObjectCustomizer> (0x000000074d7eea58) thrown at [./src/hotspot/share/classfile/systemDictionary.cpp, line 230]
Event: 17.987 Thread 0x00000210d1726800 Exception <a 'java/lang/ClassNotFoundException'{0x000000074d603b08}: ru/practicum/ewm/compilations/model/CompilationCustomizer> (0x000000074d603b08) thrown at [./src/hotspot/share/classfile/systemDictionary.cpp, line 230]
Event: 18.152 Thread 0x00000210d1726800 Exception <a 'java/lang/reflect/InvocationTargetException'{0x000000074cb04990}> (0x000000074cb04990) thrown at [./src/hotspot/share/runtime/reflection.cpp, line 1247]
Event: 18.463 Thread 0x00000210d1726800 Exception <a 'java/lang/reflect/InvocationTargetException'{0x000000074c304b68}> (0x000000074c304b68) thrown at [./src/hotspot/share/runtime/reflection.cpp, line 1247]
Event: 18.501 Thread 0x00000210d1726800 Exception <a 'java/lang/NoSuchMethodError'{0x000000074c39a040}: 'java.lang.Object java.lang.invoke.DirectMethodHandle$Holder.invokeStatic(java.lang.Object, java.lang.Object, int, java.lang.Object)'> (0x000000074c39a040) thrown at [./src/hotspot/share/interpreter/linkResolver.cpp, line 773]
Event: 18.502 Thread 0x00000210d1726800 Exception <a 'java/lang/NoSuchMethodError'{0x000000074c3a0d18}: 'java.lang.Object java.lang.invoke.Invokers$Holder.linkToTargetMethod(java.lang.Object, int, java.lang.Object)'> (0x000000074c3a0d18) thrown at [./src/hotspot/share/interpreter/linkResolver.cpp, line 773]
Event: 18.512 Thread 0x00000210d1726800 Exception <a 'java/lang/IncompatibleClassChangeError'{0x000000074c3db248}: Found class java.lang.Object, but interface was expected> (0x000000074c3db248) thrown at [./src/hotspot/share/interpreter/linkResolver.cpp, line 839]
Event: 18.605 Thread 0x00000210d1726800 Exception <a 'java/lang/reflect/InvocationTargetException'{0x000000074c0677c8}> (0x000000074c0677c8) thrown at [./src/hotspot/share/runtime/reflection.cpp, line 1247]
Event: 18.617 Thread 0x00000210d1726800 Exception <a 'java/lang/reflect/InvocationTargetException'{0x000000074c09de10}> (0x000000074c09de10) thrown at [./src/hotspot/share/runtime/reflection.cpp, line 1247]
Event: 18.658 Thread 0x00000210d1726800 Exception <a 'java/lang/reflect/InvocationTargetException'{0x000000074bf03158}> (0x000000074bf03158) thrown at [./src/hotspot/share/runtime/reflection.cpp, line 1247]
Event: 18.665 Thread 0x00000210d1726800 Exception <a 'java/lang/reflect/InvocationTargetException'{0x000000074bf25070}> (0x000000074bf25070) thrown at [./src/hotspot/share/runtime/reflection.cpp, line 1247]
Event: 18.682 Thread 0x00000210d1726800 Exception <a 'java/lang/reflect/InvocationTargetException'{0x000000074bf582b8}> (0x000000074bf582b8) thrown at [./src/hotspot/share/runtime/reflection.cpp, line 1247]
Event: 18.841 Thread 0x00000210d1726800 Exception <a 'java/lang/reflect/InvocationTargetException'{0x000000074ba5b130}> (0x000000074ba5b130) thrown at [./src/hotspot/share/runtime/reflection.cpp, line 1247]
Event: 19.121 Thread 0x00000210d1726800 Exception <a 'java/lang/NoSuchMethodError'{0x000000074b452cb0}: 'int java.lang.invoke.DirectMethodHandle$Holder.invokeStaticInit(java.lang.Object, java.lang.Object, java.lang.Object, java.lang.Object)'> (0x000000074b452cb0) thrown at [./src/hotspot/share/interpreter/linkResolver.cpp, line 773]

Events (20 events):
Event: 19.432 loading class org/apache/http/HeaderIterator
Event: 19.432 loading class org/apache/http/HeaderIterator done
Event: 19.432 loading class org/apache/http/impl/client/DefaultConnectionKeepAliveStrategy
Event: 19.432 loading class org/apache/http/impl/client/DefaultConnectionKeepAliveStrategy done
Event: 19.433 loading class org/apache/http/HeaderElementIterator
Event: 19.433 loading class org/apache/http/HeaderElementIterator done
Event: 19.434 loading class org/apache/http/impl/client/TargetAuthenticationStrategy
Event: 19.434 loading class org/apache/http/impl/client/TargetAuthenticationStrategy done
Event: 19.434 loading class org/apache/http/impl/client/AuthenticationStrategyImpl
Event: 19.434 loading class org/apache/http/impl/client/AuthenticationStrategyImpl done
Event: 19.436 loading class org/apache/http/client/AuthCache
Event: 19.436 loading class org/apache/http/client/AuthCache done
Event: 19.437 loading class org/apache/http/auth/MalformedChallengeException
Event: 19.437 loading class org/apache/http/auth/MalformedChallengeException done
Event: 19.438 loading class org/apache/http/impl/client/ProxyAuthenticationStrategy
Event: 19.438 loading class org/apache/http/impl/client/ProxyAuthenticationStrategy done
Event: 19.439 loading class org/apache/http/impl/client/DefaultUserTokenHandler
Event: 19.439 loading class org/apache/http/impl/client/DefaultUserTokenHandler done
Event: 19.440 loading class org/apache/http/util/VersionInfo
Event: 19.440 loading class org/apache/http/util/VersionInfo done


Dynamic libraries:
0x00007ff76ad30000 - 0x00007ff76ad3d000 	C:\Program Files\Amazon Corretto\jdk11.0.16_9\bin\java.exe
0x00007ff845630000 - 0x00007ff845828000 	C:\WINDOWS\SYSTEM32\ntdll.dll
0x00007ff8444c0000 - 0x00007ff84457d000 	C:\WINDOWS\System32\KERNEL32.DLL
0x00007ff842ed0000 - 0x00007ff8431c6000 	C:\WINDOWS\System32\KERNELBASE.dll
0x00007ff842da0000 - 0x00007ff842ea0000 	C:\WINDOWS\System32\ucrtbase.dll
0x00007ff83db20000 - 0x00007ff83db37000 	C:\Program Files\Amazon Corretto\jdk11.0.16_9\bin\jli.dll
0x00007ff83db00000 - 0x00007ff83db19000 	C:\Program Files\Amazon Corretto\jdk11.0.16_9\bin\VCRUNTIME140.dll
0x00007ff843bd0000 - 0x00007ff843d6e000 	C:\WINDOWS\System32\USER32.dll
0x00007ff842d70000 - 0x00007ff842d92000 	C:\WINDOWS\System32\win32u.dll
0x00007ff830390000 - 0x00007ff83062a000 	C:\WINDOWS\WinSxS\amd64_microsoft.windows.common-controls_6595b64144ccf1df_6.0.19041.1110_none_60b5254171f9507e\COMCTL32.dll
0x00007ff8438c0000 - 0x00007ff8438ec000 	C:\WINDOWS\System32\GDI32.dll
0x00007ff843950000 - 0x00007ff8439ee000 	C:\WINDOWS\System32\msvcrt.dll
0x00007ff8431d0000 - 0x00007ff8432ea000 	C:\WINDOWS\System32\gdi32full.dll
0x00007ff843450000 - 0x00007ff8434ed000 	C:\WINDOWS\System32\msvcp_win.dll
0x00007ff844d80000 - 0x00007ff844db0000 	C:\WINDOWS\System32\IMM32.DLL
0x00007ff83da60000 - 0x00007ff83dafb000 	C:\Program Files\Amazon Corretto\jdk11.0.16_9\bin\msvcp140.dll
0x00007ff80eb20000 - 0x00007ff80f6a4000 	C:\Program Files\Amazon Corretto\jdk11.0.16_9\bin\server\jvm.dll
0x00007ff843b20000 - 0x00007ff843bce000 	C:\WINDOWS\System32\ADVAPI32.dll
0x00007ff844ce0000 - 0x00007ff844d7c000 	C:\WINDOWS\System32\sechost.dll
0x00007ff844660000 - 0x00007ff844786000 	C:\WINDOWS\System32\RPCRT4.dll
0x00007ff844790000 - 0x00007ff844798000 	C:\WINDOWS\System32\PSAPI.DLL
0x00007ff8413b0000 - 0x00007ff8413b9000 	C:\WINDOWS\SYSTEM32\WSOCK32.dll
0x00007ff8360b0000 - 0x00007ff8360ba000 	C:\WINDOWS\SYSTEM32\VERSION.dll
0x00007ff835f10000 - 0x00007ff835f37000 	C:\WINDOWS\SYSTEM32\WINMM.dll
0x00007ff8445f0000 - 0x00007ff84465b000 	C:\WINDOWS\System32\WS2_32.dll
0x00007ff841510000 - 0x00007ff841522000 	C:\WINDOWS\SYSTEM32\kernel.appcore.dll
0x00007ff83f740000 - 0x00007ff83f750000 	C:\Program Files\Amazon Corretto\jdk11.0.16_9\bin\verify.dll
0x00007ff8411a0000 - 0x00007ff841384000 	C:\WINDOWS\SYSTEM32\DBGHELP.DLL
0x00007ff8290d0000 - 0x00007ff829104000 	C:\WINDOWS\SYSTEM32\dbgcore.DLL
0x00007ff842ce0000 - 0x00007ff842d62000 	C:\WINDOWS\System32\bcryptPrimitives.dll
0x00007ff83d120000 - 0x00007ff83d148000 	C:\Program Files\Amazon Corretto\jdk11.0.16_9\bin\java.dll
0x00007ff83da50000 - 0x00007ff83da5a000 	C:\Program Files\Amazon Corretto\jdk11.0.16_9\bin\jimage.dll
0x00007ff83d0c0000 - 0x00007ff83d0ce000 	C:\Program Files\Amazon Corretto\jdk11.0.16_9\bin\instrument.dll
0x00007ff83a550000 - 0x00007ff83a568000 	C:\Program Files\Amazon Corretto\jdk11.0.16_9\bin\zip.dll
0x00007ff843d70000 - 0x00007ff8444b5000 	C:\WINDOWS\System32\SHELL32.dll
0x00007ff840940000 - 0x00007ff8410db000 	C:\WINDOWS\SYSTEM32\windows.storage.dll
0x00007ff844980000 - 0x00007ff844cd4000 	C:\WINDOWS\System32\combase.dll
0x00007ff8425d0000 - 0x00007ff8425fe000 	C:\WINDOWS\SYSTEM32\Wldp.dll
0x00007ff843730000 - 0x00007ff8437dd000 	C:\WINDOWS\System32\SHCORE.dll
0x00007ff845470000 - 0x00007ff8454c5000 	C:\WINDOWS\System32\shlwapi.dll
0x00007ff842c10000 - 0x00007ff842c35000 	C:\WINDOWS\SYSTEM32\profapi.dll
0x00007ff836d90000 - 0x00007ff836da9000 	C:\Program Files\Amazon Corretto\jdk11.0.16_9\bin\net.dll
0x00007ff839270000 - 0x00007ff83937a000 	C:\WINDOWS\SYSTEM32\WINHTTP.dll
0x00007ff8423b0000 - 0x00007ff84241a000 	C:\WINDOWS\system32\mswsock.dll
0x00007ff836d70000 - 0x00007ff836d83000 	C:\Program Files\Amazon Corretto\jdk11.0.16_9\bin\nio.dll
0x00007ff836d50000 - 0x00007ff836d6a000 	C:\Program Files\JetBrains\IntelliJ IDEA Community Edition 2022.2.3\bin\breakgen64.dll
0x00007ff83ba80000 - 0x00007ff83ba89000 	C:\Program Files\Amazon Corretto\jdk11.0.16_9\bin\management.dll
0x00007ff83a5e0000 - 0x00007ff83a5eb000 	C:\Program Files\Amazon Corretto\jdk11.0.16_9\bin\management_ext.dll
0x00007ff802de0000 - 0x00007ff802df7000 	C:\WINDOWS\system32\napinsp.dll
0x00007ff802e00000 - 0x00007ff802e1b000 	C:\WINDOWS\system32\pnrpnsp.dll
0x00007ff83c2a0000 - 0x00007ff83c2b5000 	C:\WINDOWS\system32\wshbth.dll
0x00007ff83da30000 - 0x00007ff83da4d000 	C:\WINDOWS\system32\NLAapi.dll
0x00007ff842060000 - 0x00007ff84209b000 	C:\WINDOWS\SYSTEM32\IPHLPAPI.DLL
0x00007ff8420a0000 - 0x00007ff84216a000 	C:\WINDOWS\SYSTEM32\DNSAPI.dll
0x00007ff844580000 - 0x00007ff844588000 	C:\WINDOWS\System32\NSI.dll
0x00007ff802e20000 - 0x00007ff802e32000 	C:\WINDOWS\System32\winrnr.dll
0x00007ff8356a0000 - 0x00007ff8356aa000 	C:\Windows\System32\rasadhlp.dll
0x00007ff8384e0000 - 0x00007ff838562000 	C:\WINDOWS\System32\fwpuclnt.dll
0x00007ff842ea0000 - 0x00007ff842ec7000 	C:\WINDOWS\System32\bcrypt.dll
0x00007ff842980000 - 0x00007ff842998000 	C:\WINDOWS\SYSTEM32\CRYPTSP.dll
0x00007ff841c80000 - 0x00007ff841cb4000 	C:\WINDOWS\system32\rsaenh.dll
0x00007ff842bd0000 - 0x00007ff842bfe000 	C:\WINDOWS\SYSTEM32\USERENV.dll
0x00007ff842540000 - 0x00007ff84254c000 	C:\WINDOWS\SYSTEM32\CRYPTBASE.dll
0x00007ff839e80000 - 0x00007ff839e97000 	C:\WINDOWS\SYSTEM32\dhcpcsvc6.DLL
0x00007ff839e40000 - 0x00007ff839e5d000 	C:\WINDOWS\SYSTEM32\dhcpcsvc.DLL
0x00007ff836d20000 - 0x00007ff836d45000 	C:\Program Files\Amazon Corretto\jdk11.0.16_9\bin\sunec.dll
0x00007ff83a590000 - 0x00007ff83a59e000 	C:\Program Files\Amazon Corretto\jdk11.0.16_9\bin\sunmscapi.dll
0x00007ff8432f0000 - 0x00007ff84344e000 	C:\WINDOWS\System32\CRYPT32.dll
0x00007ff842660000 - 0x00007ff842688000 	C:\WINDOWS\SYSTEM32\ncrypt.dll
0x00007ff842620000 - 0x00007ff84265b000 	C:\WINDOWS\SYSTEM32\NTASN1.dll

dbghelp: loaded successfully - version: 4.0.5 - missing functions: none
symbol engine: initialized successfully - sym options: 0x614 - pdb path: .;C:\Program Files\Amazon Corretto\jdk11.0.16_9\bin;C:\WINDOWS\SYSTEM32;C:\WINDOWS\WinSxS\amd64_microsoft.windows.common-controls_6595b64144ccf1df_6.0.19041.1110_none_60b5254171f9507e;C:\Program Files\Amazon Corretto\jdk11.0.16_9\bin\server;C:\Program Files\JetBrains\IntelliJ IDEA Community Edition 2022.2.3\bin

VM Arguments:
jvm_args: -javaagent:C:\Program Files\JetBrains\IntelliJ IDEA Community Edition 2022.2.3\lib\idea_rt.jar=53914:C:\Program Files\JetBrains\IntelliJ IDEA Community Edition 2022.2.3\bin -Dfile.encoding=UTF-8 
java_command: ru.practicum.ewm.EwmServiceApplication
java_class_path (initial): C:\Users\Sergei\dev\java-explore-with-me\ewm-service\target\classes;C:\Users\Sergei\.m2\repository\org\springframework\boot\spring-boot-starter-actuator\2.7.5\spring-boot-starter-actuator-2.7.5.jar;C:\Users\Sergei\.m2\repository\org\springframework\boot\spring-boot-starter\2.7.5\spring-boot-starter-2.7.5.jar;C:\Users\Sergei\.m2\repository\org\springframework\boot\spring-boot\2.7.5\spring-boot-2.7.5.jar;C:\Users\Sergei\.m2\repository\org\springframework\boot\spring-boot-autoconfigure\2.7.5\spring-boot-autoconfigure-2.7.5.jar;C:\Users\Sergei\.m2\repository\org\springframework\boot\spring-boot-starter-logging\2.7.5\spring-boot-starter-logging-2.7.5.jar;C:\Users\Sergei\.m2\repository\ch\qos\logback\logback-classic\1.2.11\logback-classic-1.2.11.jar;C:\Users\Sergei\.m2\repository\ch\qos\logback\logback-core\1.2.11\logback-core-1.2.11.jar;C:\Users\Sergei\.m2\repository\org\apache\logging\log4j\log4j-to-slf4j\2.17.2\log4j-to-slf4j-2.17.2.jar;C:\Users\Sergei\.m2\repository\org\apache\logging\log4j\log4j-api\2.17.2\log4j-api-2.17.2.jar;C:\Users\Sergei\.m2\repository\org\slf4j\jul-to-slf4j\1.7.36\jul-to-slf4j-1.7.36.jar;C:\Users\Sergei\.m2\repository\jakarta\annotation\jakarta.annotation-api\1.3.5\jakarta.annotation-api-1.3.5.jar;C:\Users\Sergei\.m2\repository\org\yaml\snakeyaml\1.30\snakeyaml-1.30.jar;C:\Users\Sergei\.m2\repository\org\springframework\boot\spring-boot-actuator-autoconfigure\2.7.5\spring-boot-actuator-autoconfigure-2.7.5.jar;C:\Users\Sergei\.m2\repository\org\springframework\boot\spring-boot-actuator\2.7.5\spring-boot-actuator-2.7.5.jar;C:\Users\Sergei\.m2\repository\com\fasterxml\jackson\datatype\jackson-datatype-jsr310\2.13.4\jackson-datatype-jsr310-2.13.4.jar;C:\Users\Sergei\.m2\repository\io\micrometer\micrometer-core\1.9.5\micrometer-core-1.9.5.jar;C:\Users\Sergei\.m2\repository\org\hdrhistogram\HdrHistogram\2.1.12\HdrHistogram-2.1.12.jar;C:\Users\Sergei\.m2\repository\org\latencyutils\LatencyUtils\2.0.3\LatencyUtils-2.0.3.jar
Launcher Type: SUN_STANDARD

[Global flags]
     intx CICompilerCount                          = 3                                         {product} {ergonomic}
     uint ConcGCThreads                            = 1                                         {product} {ergonomic}
     uint G1ConcRefinementThreads                  = 4                                         {product} {ergonomic}
   size_t G1HeapRegionSize                         = 1048576                                   {product} {ergonomic}
    uintx GCDrainStackTargetSize                   = 64                                        {product} {ergonomic}
   size_t InitialHeapSize                          = 201326592                                 {product} {ergonomic}
   size_t MarkStackSize                            = 4194304                                   {product} {ergonomic}
   size_t MaxHeapSize                              = 3191865344                                {product} {ergonomic}
   size_t MaxNewSize                               = 1914699776                                {product} {ergonomic}
   size_t MinHeapDeltaBytes                        = 1048576                                   {product} {ergonomic}
    uintx NonNMethodCodeHeapSize                   = 5830732                                {pd product} {ergonomic}
    uintx NonProfiledCodeHeapSize                  = 122913754                              {pd product} {ergonomic}
    uintx ProfiledCodeHeapSize                     = 122913754                              {pd product} {ergonomic}
    uintx ReservedCodeCacheSize                    = 251658240                              {pd product} {ergonomic}
     bool SegmentedCodeCache                       = true                                      {product} {ergonomic}
     bool UseCompressedClassPointers               = true                                 {lp64_product} {ergonomic}
     bool UseCompressedOops                        = true                                 {lp64_product} {ergonomic}
     bool UseG1GC                                  = true                                      {product} {ergonomic}
     bool UseLargePagesIndividualAllocation        = false                                  {pd product} {ergonomic}

Logging:
Log output configuration:
 #0: stdout all=warning uptime,level,tags
 #1: stderr all=off uptime,level,tags

Environment Variables:
JAVA_HOME=C:\Program Files\Amazon Corretto\jdk11.0.16_9
PATH=C:\Program Files\Amazon Corretto\jdk11.0.16_9\bin;C:\WINDOWS\system32;C:\WINDOWS;C:\WINDOWS\System32\Wbem;C:\WINDOWS\System32\WindowsPowerShell\v1.0\;C:\WINDOWS\System32\OpenSSH\;C:\Program Files (x86)\dotnet\;C:\Program Files\Git\cmd;C:\Program Files\Amazon Corretto\jdk11.0.16_9\bin;;C:\Program Files\Docker\Docker\resources\bin;C:\Users\Sergei\AppData\Local\Microsoft\WindowsApps;;C:\Program Files\JetBrains\PyCharm Community Edition 2022.1.2\bin;
USERNAME=Sergei
OS=Windows_NT
PROCESSOR_IDENTIFIER=Intel64 Family 6 Model 69 Stepping 1, GenuineIntel
TMP=C:\Users\Sergei\AppData\Local\Temp
TEMP=C:\Users\Sergei\AppData\Local\Temp



---------------  S Y S T E M  ---------------

OS: Windows 10 , 64 bit Build 19041 (10.0.19041.3393)
OS uptime: 0 days 23:20 hours
Hyper-V role detected

CPU:total 4 (initial active 4) (2 cores per cpu, 2 threads per core) family 6 model 69 stepping 1 microcode 0x25, cmov, cx8, fxsr, mmx, sse, sse2, sse3, ssse3, sse4.1, sse4.2, popcnt, avx, avx2, aes, clmul, erms, lzcnt, ht, tsc, tscinvbit, bmi1, bmi2, fma

Memory: 4k page, system-wide physical 12171M (1227M free)
TotalPageFile size 15871M (AvailPageFile size 15M)
current process WorkingSet (physical memory assigned to process): 346M, peak: 353M
current process commit charge ("private bytes"): 445M, peak: 450M

vm_info: OpenJDK 64-Bit Server VM (11.0.16.1+9-LTS) for windows-amd64 JRE (11.0.16.1+9-LTS), built on Aug 12 2022 20:01:58 by "Administrator" with MS VC++ 15.9 (VS2017)

END.
